<?xml version="1.0" encoding="UTF-8"?>
<coverage generated="1591314619817" clover="3.2.0">
  <project timestamp="1591314619818" name="All files">
    <metrics statements="391" coveredstatements="317" conditionals="248" coveredconditionals="157" methods="82" coveredmethods="70" elements="721" coveredelements="544" complexity="0" loc="391" ncloc="391" packages="2" files="11" classes="11"/>
    <package name="commands">
      <metrics statements="115" coveredstatements="84" conditionals="64" coveredconditionals="32" methods="16" coveredmethods="13"/>
      <file name="cancel.js" path="/home/exleonem/Desktop/projects/queueMe/commands/cancel.js">
        <metrics statements="18" coveredstatements="16" conditionals="10" coveredconditionals="6" methods="3" coveredmethods="3"/>
        <line num="1" count="1" type="stmt"/>
        <line num="2" count="1" type="stmt"/>
        <line num="21" count="1" type="stmt"/>
        <line num="28" count="2" type="stmt"/>
        <line num="29" count="2" type="cond" truecount="1" falsecount="1"/>
        <line num="30" count="0" type="stmt"/>
        <line num="34" count="2" type="cond" truecount="1" falsecount="1"/>
        <line num="35" count="0" type="stmt"/>
        <line num="38" count="2" type="stmt"/>
        <line num="39" count="2" type="cond" truecount="1" falsecount="1"/>
        <line num="41" count="2" type="cond" truecount="1" falsecount="1"/>
        <line num="42" count="2" type="stmt"/>
        <line num="45" count="2" type="stmt"/>
        <line num="46" count="2" type="cond" truecount="2" falsecount="0"/>
        <line num="48" count="1" type="stmt"/>
        <line num="49" count="1" type="stmt"/>
        <line num="52" count="2" type="stmt"/>
        <line num="57" count="1" type="stmt"/>
      </file>
      <file name="enqueue.js" path="/home/exleonem/Desktop/projects/queueMe/commands/enqueue.js">
        <metrics statements="31" coveredstatements="31" conditionals="12" coveredconditionals="11" methods="4" coveredmethods="4"/>
        <line num="1" count="2" type="stmt"/>
        <line num="2" count="2" type="stmt"/>
        <line num="21" count="2" type="stmt"/>
        <line num="35" count="11" type="stmt"/>
        <line num="36" count="11" type="cond" truecount="2" falsecount="0"/>
        <line num="37" count="1" type="stmt"/>
        <line num="41" count="10" type="cond" truecount="2" falsecount="0"/>
        <line num="42" count="4" type="stmt"/>
        <line num="45" count="6" type="stmt"/>
        <line num="53" count="6" type="stmt"/>
        <line num="54" count="6" type="stmt"/>
        <line num="55" count="6" type="stmt"/>
        <line num="56" count="6" type="stmt"/>
        <line num="57" count="6" type="cond" truecount="2" falsecount="0"/>
        <line num="59" count="5" type="stmt"/>
        <line num="60" count="5" type="stmt"/>
        <line num="61" count="5" type="stmt"/>
        <line num="65" count="6" type="stmt"/>
        <line num="78" count="6" type="stmt"/>
        <line num="79" count="6" type="stmt"/>
        <line num="80" count="6" type="cond" truecount="4" falsecount="0"/>
        <line num="82" count="5" type="stmt"/>
        <line num="86" count="5" type="stmt"/>
        <line num="89" count="6" type="stmt"/>
        <line num="103" count="6" type="stmt"/>
        <line num="104" count="6" type="stmt"/>
        <line num="106" count="1" type="cond" truecount="1" falsecount="1"/>
        <line num="107" count="1" type="stmt"/>
        <line num="108" count="1" type="stmt"/>
        <line num="113" count="6" type="stmt"/>
        <line num="119" count="2" type="stmt"/>
      </file>
      <file name="help.js" path="/home/exleonem/Desktop/projects/queueMe/commands/help.js">
        <metrics statements="36" coveredstatements="34" conditionals="18" coveredconditionals="15" methods="6" coveredmethods="6"/>
        <line num="1" count="1" type="stmt"/>
        <line num="2" count="1" type="stmt"/>
        <line num="3" count="1" type="stmt"/>
        <line num="22" count="1" type="stmt"/>
        <line num="30" count="4" type="stmt"/>
        <line num="31" count="4" type="cond" truecount="1" falsecount="1"/>
        <line num="32" count="0" type="stmt"/>
        <line num="35" count="4" type="stmt"/>
        <line num="36" count="4" type="stmt"/>
        <line num="38" count="4" type="cond" truecount="2" falsecount="0"/>
        <line num="39" count="3" type="stmt"/>
        <line num="40" count="3" type="cond" truecount="1" falsecount="1"/>
        <line num="44" count="1" type="stmt"/>
        <line num="45" count="1" type="cond" truecount="1" falsecount="1"/>
        <line num="58" count="4" type="stmt"/>
        <line num="59" count="4" type="stmt"/>
        <line num="62" count="4" type="cond" truecount="2" falsecount="0"/>
        <line num="63" count="2" type="stmt"/>
        <line num="67" count="4" type="cond" truecount="4" falsecount="0"/>
        <line num="68" count="1" type="stmt"/>
        <line num="70" count="1" type="stmt"/>
        <line num="71" count="1" type="stmt"/>
        <line num="74" count="0" type="stmt"/>
        <line num="79" count="4" type="stmt"/>
        <line num="91" count="2" type="stmt"/>
        <line num="94" count="16" type="stmt"/>
        <line num="95" count="2" type="stmt"/>
        <line num="107" count="6" type="stmt"/>
        <line num="108" count="6" type="stmt"/>
        <line num="109" count="6" type="stmt"/>
        <line num="110" count="54" type="stmt"/>
        <line num="112" count="54" type="cond" truecount="4" falsecount="0"/>
        <line num="113" count="48" type="stmt"/>
        <line num="114" count="48" type="stmt"/>
        <line num="118" count="6" type="stmt"/>
        <line num="125" count="1" type="stmt"/>
      </file>
      <file name="list.js" path="/home/exleonem/Desktop/projects/queueMe/commands/list.js">
        <metrics statements="30" coveredstatements="3" conditionals="24" coveredconditionals="0" methods="3" coveredmethods="0"/>
        <line num="1" count="1" type="stmt"/>
        <line num="2" count="1" type="stmt"/>
        <line num="20" count="0" type="stmt"/>
        <line num="28" count="0" type="stmt"/>
        <line num="29" count="0" type="cond" truecount="0" falsecount="2"/>
        <line num="30" count="0" type="stmt"/>
        <line num="34" count="0" type="cond" truecount="0" falsecount="2"/>
        <line num="35" count="0" type="stmt"/>
        <line num="39" count="0" type="cond" truecount="0" falsecount="4"/>
        <line num="40" count="0" type="stmt"/>
        <line num="44" count="0" type="cond" truecount="0" falsecount="2"/>
        <line num="45" count="0" type="cond" truecount="0" falsecount="2"/>
        <line num="48" count="0" type="cond" truecount="0" falsecount="2"/>
        <line num="49" count="0" type="stmt"/>
        <line num="53" count="0" type="stmt"/>
        <line num="54" count="0" type="stmt"/>
        <line num="56" count="0" type="cond" truecount="0" falsecount="2"/>
        <line num="57" count="0" type="stmt"/>
        <line num="59" count="0" type="stmt"/>
        <line num="63" count="0" type="cond" truecount="0" falsecount="2"/>
        <line num="64" count="0" type="stmt"/>
        <line num="68" count="0" type="cond" truecount="0" falsecount="2"/>
        <line num="69" count="0" type="stmt"/>
        <line num="72" count="0" type="stmt"/>
        <line num="78" count="0" type="cond" truecount="0" falsecount="2"/>
        <line num="79" count="0" type="stmt"/>
        <line num="82" count="0" type="cond" truecount="0" falsecount="2"/>
        <line num="83" count="0" type="stmt"/>
        <line num="87" count="0" type="stmt"/>
        <line num="93" count="1" type="stmt"/>
      </file>
    </package>
    <package name="core">
      <metrics statements="276" coveredstatements="233" conditionals="184" coveredconditionals="125" methods="66" coveredmethods="57"/>
      <file name="command.js" path="/home/exleonem/Desktop/projects/queueMe/core/command.js">
        <metrics statements="17" coveredstatements="13" conditionals="7" coveredconditionals="4" methods="6" coveredmethods="3"/>
        <line num="1" count="4" type="stmt"/>
        <line num="2" count="4" type="stmt"/>
        <line num="3" count="4" type="stmt"/>
        <line num="4" count="4" type="stmt"/>
        <line num="29" count="4" type="cond" truecount="1" falsecount="1"/>
        <line num="30" count="4" type="cond" truecount="1" falsecount="1"/>
        <line num="31" count="4" type="stmt"/>
        <line num="32" count="4" type="cond" truecount="1" falsecount="1"/>
        <line num="33" count="4" type="stmt"/>
        <line num="46" count="0" type="stmt"/>
        <line num="57" count="0" type="stmt"/>
        <line num="59" count="0" type="stmt"/>
        <line num="63" count="0" type="stmt"/>
        <line num="83" count="25" type="stmt"/>
        <line num="84" count="28" type="stmt"/>
        <line num="85" count="25" type="stmt"/>
        <line num="91" count="4" type="stmt"/>
      </file>
      <file name="communication.js" path="/home/exleonem/Desktop/projects/queueMe/core/communication.js">
        <metrics statements="99" coveredstatements="72" conditionals="115" coveredconditionals="75" methods="22" coveredmethods="20"/>
        <line num="1" count="4" type="stmt"/>
        <line num="2" count="4" type="stmt"/>
        <line num="3" count="4" type="stmt"/>
        <line num="4" count="4" type="stmt"/>
        <line num="25" count="17" type="stmt"/>
        <line num="26" count="17" type="stmt"/>
        <line num="27" count="17" type="cond" truecount="1" falsecount="1"/>
        <line num="28" count="17" type="stmt"/>
        <line num="45" count="16" type="stmt"/>
        <line num="46" count="16" type="stmt"/>
        <line num="48" count="16" type="cond" truecount="1" falsecount="1"/>
        <line num="51" count="16" type="cond" truecount="1" falsecount="1"/>
        <line num="52" count="0" type="stmt"/>
        <line num="57" count="16" type="cond" truecount="2" falsecount="0"/>
        <line num="71" count="23" type="stmt"/>
        <line num="73" count="23" type="stmt"/>
        <line num="74" count="23" type="cond" truecount="1" falsecount="1"/>
        <line num="76" count="0" type="stmt"/>
        <line num="77" count="0" type="stmt"/>
        <line num="79" count="0" type="cond" truecount="0" falsecount="2"/>
        <line num="80" count="0" type="stmt"/>
        <line num="81" count="0" type="stmt"/>
        <line num="85" count="0" type="stmt"/>
        <line num="89" count="23" type="cond" truecount="3" falsecount="0"/>
        <line num="103" count="27" type="stmt"/>
        <line num="104" count="27" type="stmt"/>
        <line num="107" count="27" type="cond" truecount="1" falsecount="1"/>
        <line num="108" count="27" type="cond" truecount="1" falsecount="1"/>
        <line num="110" count="0" type="stmt"/>
        <line num="111" count="0" type="stmt"/>
        <line num="114" count="0" type="stmt"/>
        <line num="115" count="0" type="cond" truecount="0" falsecount="4"/>
        <line num="116" count="0" type="stmt"/>
        <line num="117" count="0" type="stmt"/>
        <line num="121" count="0" type="cond" truecount="0" falsecount="2"/>
        <line num="122" count="0" type="cond" truecount="0" falsecount="2"/>
        <line num="123" count="0" type="cond" truecount="0" falsecount="7"/>
        <line num="124" count="0" type="stmt"/>
        <line num="125" count="0" type="stmt"/>
        <line num="129" count="0" type="stmt"/>
        <line num="132" count="27" type="cond" truecount="2" falsecount="0"/>
        <line num="151" count="5" type="stmt"/>
        <line num="152" count="5" type="stmt"/>
        <line num="153" count="5" type="stmt"/>
        <line num="167" count="21" type="stmt"/>
        <line num="183" count="4" type="stmt"/>
        <line num="184" count="4" type="cond" truecount="1" falsecount="1"/>
        <line num="185" count="0" type="stmt"/>
        <line num="189" count="4" type="stmt"/>
        <line num="190" count="4" type="cond" truecount="5" falsecount="0"/>
        <line num="191" count="1" type="stmt"/>
        <line num="196" count="3" type="cond" truecount="5" falsecount="0"/>
        <line num="197" count="1" type="stmt"/>
        <line num="202" count="2" type="stmt"/>
        <line num="203" count="2" type="stmt"/>
        <line num="204" count="2" type="cond" truecount="4" falsecount="0"/>
        <line num="205" count="1" type="stmt"/>
        <line num="210" count="1" type="stmt"/>
        <line num="224" count="4" type="stmt"/>
        <line num="232" count="4" type="stmt"/>
        <line num="235" count="9" type="cond" truecount="1" falsecount="1"/>
        <line num="236" count="0" type="stmt"/>
        <line num="239" count="9" type="stmt"/>
        <line num="240" count="9" type="stmt"/>
        <line num="243" count="9" type="cond" truecount="4" falsecount="0"/>
        <line num="244" count="3" type="stmt"/>
        <line num="248" count="9" type="cond" truecount="4" falsecount="0"/>
        <line num="249" count="3" type="stmt"/>
        <line num="253" count="9" type="cond" truecount="5" falsecount="0"/>
        <line num="254" count="2" type="stmt"/>
        <line num="259" count="4" type="stmt"/>
        <line num="260" count="4" type="stmt"/>
        <line num="271" count="50" type="cond" truecount="2" falsecount="0"/>
        <line num="277" count="50" type="cond" truecount="2" falsecount="0"/>
        <line num="282" count="0" type="cond" truecount="0" falsecount="2"/>
        <line num="297" count="9" type="cond" truecount="2" falsecount="0"/>
        <line num="307" count="18" type="cond" truecount="3" falsecount="1"/>
        <line num="317" count="18" type="cond" truecount="3" falsecount="1"/>
        <line num="326" count="4" type="cond" truecount="1" falsecount="1"/>
        <line num="334" count="0" type="stmt"/>
        <line num="345" count="17" type="cond" truecount="1" falsecount="1"/>
        <line num="346" count="0" type="stmt"/>
        <line num="349" count="17" type="stmt"/>
        <line num="352" count="17" type="stmt"/>
        <line num="353" count="17" type="cond" truecount="1" falsecount="1"/>
        <line num="354" count="0" type="stmt"/>
        <line num="357" count="17" type="stmt"/>
        <line num="362" count="17" type="stmt"/>
        <line num="363" count="17" type="cond" truecount="1" falsecount="1"/>
        <line num="364" count="0" type="stmt"/>
        <line num="367" count="17" type="stmt"/>
        <line num="372" count="17" type="stmt"/>
        <line num="373" count="17" type="cond" truecount="1" falsecount="1"/>
        <line num="374" count="0" type="stmt"/>
        <line num="377" count="17" type="stmt"/>
        <line num="387" count="17" type="cond" truecount="3" falsecount="1"/>
        <line num="395" count="17" type="cond" truecount="3" falsecount="1"/>
        <line num="403" count="17" type="cond" truecount="3" falsecount="1"/>
        <line num="409" count="4" type="stmt"/>
      </file>
      <file name="file.js" path="/home/exleonem/Desktop/projects/queueMe/core/file.js">
        <metrics statements="34" coveredstatements="34" conditionals="13" coveredconditionals="11" methods="10" coveredmethods="9"/>
        <line num="1" count="6" type="stmt"/>
        <line num="2" count="6" type="stmt"/>
        <line num="3" count="6" type="stmt"/>
        <line num="19" count="12" type="stmt"/>
        <line num="21" count="12" type="stmt"/>
        <line num="22" count="12" type="stmt"/>
        <line num="23" count="12" type="stmt"/>
        <line num="24" count="12" type="stmt"/>
        <line num="40" count="11" type="stmt"/>
        <line num="43" count="33" type="stmt"/>
        <line num="44" count="11" type="stmt"/>
        <line num="46" count="33" type="stmt"/>
        <line num="47" count="33" type="stmt"/>
        <line num="50" count="11" type="stmt"/>
        <line num="63" count="50" type="cond" truecount="1" falsecount="1"/>
        <line num="64" count="50" type="stmt"/>
        <line num="69" count="50" type="cond" truecount="2" falsecount="0"/>
        <line num="70" count="4" type="stmt"/>
        <line num="74" count="50" type="stmt"/>
        <line num="75" count="50" type="stmt"/>
        <line num="76" count="50" type="stmt"/>
        <line num="103" count="17" type="cond" truecount="2" falsecount="0"/>
        <line num="104" count="5" type="stmt"/>
        <line num="108" count="17" type="stmt"/>
        <line num="120" count="13" type="stmt"/>
        <line num="124" count="13" type="stmt"/>
        <line num="136" count="13" type="stmt"/>
        <line num="140" count="13" type="stmt"/>
        <line num="152" count="13" type="stmt"/>
        <line num="156" count="13" type="stmt"/>
        <line num="169" count="39" type="stmt"/>
        <line num="171" count="39" type="cond" truecount="2" falsecount="0"/>
        <line num="172" count="24" type="stmt"/>
        <line num="179" count="6" type="stmt"/>
      </file>
      <file name="formatter.js" path="/home/exleonem/Desktop/projects/queueMe/core/formatter.js">
        <metrics statements="8" coveredstatements="7" conditionals="2" coveredconditionals="1" methods="2" coveredmethods="2"/>
        <line num="25" count="40" type="cond" truecount="1" falsecount="1"/>
        <line num="26" count="0" type="stmt"/>
        <line num="30" count="44" type="stmt"/>
        <line num="31" count="40" type="stmt"/>
        <line num="32" count="40" type="stmt"/>
        <line num="33" count="44" type="stmt"/>
        <line num="37" count="40" type="stmt"/>
        <line num="44" count="4" type="stmt"/>
      </file>
      <file name="messageMock.js" path="/home/exleonem/Desktop/projects/queueMe/core/messageMock.js">
        <metrics statements="59" coveredstatements="54" conditionals="17" coveredconditionals="14" methods="16" coveredmethods="13"/>
        <line num="18" count="18" type="stmt"/>
        <line num="19" count="18" type="stmt"/>
        <line num="20" count="18" type="stmt"/>
        <line num="21" count="18" type="stmt"/>
        <line num="22" count="18" type="stmt"/>
        <line num="23" count="18" type="stmt"/>
        <line num="34" count="18" type="stmt"/>
        <line num="35" count="18" type="cond" truecount="2" falsecount="0"/>
        <line num="36" count="3" type="stmt"/>
        <line num="37" count="3" type="stmt"/>
        <line num="39" count="18" type="stmt"/>
        <line num="42" count="18" type="stmt"/>
        <line num="43" count="18" type="cond" truecount="1" falsecount="1"/>
        <line num="44" count="18" type="stmt"/>
        <line num="46" count="18" type="stmt"/>
        <line num="47" count="18" type="stmt"/>
        <line num="50" count="18" type="stmt"/>
        <line num="52" count="18" type="stmt"/>
        <line num="65" count="12" type="stmt"/>
        <line num="66" count="12" type="stmt"/>
        <line num="67" count="12" type="stmt"/>
        <line num="68" count="12" type="stmt"/>
        <line num="70" count="12" type="stmt"/>
        <line num="87" count="11" type="stmt"/>
        <line num="89" count="11" type="cond" truecount="4" falsecount="0"/>
        <line num="91" count="3" type="stmt"/>
        <line num="92" count="3" type="stmt"/>
        <line num="95" count="11" type="stmt"/>
        <line num="113" count="17" type="stmt"/>
        <line num="120" count="0" type="stmt"/>
        <line num="124" count="17" type="stmt"/>
        <line num="137" count="17" type="stmt"/>
        <line num="138" count="17" type="stmt"/>
        <line num="139" count="17" type="stmt"/>
        <line num="140" count="17" type="stmt"/>
        <line num="141" count="17" type="stmt"/>
        <line num="144" count="17" type="stmt"/>
        <line num="154" count="7" type="stmt"/>
        <line num="155" count="7" type="stmt"/>
        <line num="171" count="36" type="cond" truecount="2" falsecount="0"/>
        <line num="172" count="18" type="stmt"/>
        <line num="184" count="3" type="stmt"/>
        <line num="186" count="3" type="stmt"/>
        <line num="187" count="7" type="stmt"/>
        <line num="193" count="0" type="stmt"/>
        <line num="198" count="3" type="stmt"/>
        <line num="208" count="18" type="stmt"/>
        <line num="209" count="18" type="stmt"/>
        <line num="210" count="18" type="stmt"/>
        <line num="212" count="0" type="stmt"/>
        <line num="214" count="0" type="cond" truecount="0" falsecount="2"/>
        <line num="215" count="0" type="stmt"/>
        <line num="228" count="18" type="stmt"/>
        <line num="229" count="18" type="stmt"/>
        <line num="230" count="18" type="stmt"/>
        <line num="232" count="5" type="stmt"/>
        <line num="233" count="9" type="stmt"/>
        <line num="236" count="5" type="stmt"/>
        <line num="244" count="5" type="stmt"/>
      </file>
      <file name="storage.js" path="/home/exleonem/Desktop/projects/queueMe/core/storage.js">
        <metrics statements="41" coveredstatements="36" conditionals="26" coveredconditionals="18" methods="6" coveredmethods="6"/>
        <line num="1" count="5" type="stmt"/>
        <line num="18" count="11" type="stmt"/>
        <line num="19" count="11" type="stmt"/>
        <line num="20" count="11" type="stmt"/>
        <line num="29" count="22" type="cond" truecount="2" falsecount="0"/>
        <line num="30" count="3" type="stmt"/>
        <line num="33" count="22" type="stmt"/>
        <line num="53" count="26" type="cond" truecount="3" falsecount="1"/>
        <line num="54" count="0" type="stmt"/>
        <line num="57" count="40" type="stmt"/>
        <line num="58" count="26" type="cond" truecount="2" falsecount="0"/>
        <line num="59" count="1" type="stmt"/>
        <line num="63" count="25" type="stmt"/>
        <line num="64" count="25" type="stmt"/>
        <line num="67" count="25" type="cond" truecount="2" falsecount="0"/>
        <line num="68" count="11" type="stmt"/>
        <line num="69" count="11" type="stmt"/>
        <line num="70" count="11" type="stmt"/>
        <line num="75" count="14" type="stmt"/>
        <line num="76" count="14" type="stmt"/>
        <line num="79" count="14" type="cond" truecount="2" falsecount="2"/>
        <line num="80" count="0" type="stmt"/>
        <line num="85" count="14" type="cond" truecount="1" falsecount="1"/>
        <line num="86" count="14" type="stmt"/>
        <line num="87" count="14" type="stmt"/>
        <line num="91" count="0" type="cond" truecount="0" falsecount="2"/>
        <line num="94" count="14" type="stmt"/>
        <line num="95" count="14" type="stmt"/>
        <line num="96" count="14" type="stmt"/>
        <line num="115" count="60" type="cond" truecount="3" falsecount="1"/>
        <line num="116" count="0" type="stmt"/>
        <line num="119" count="222" type="stmt"/>
        <line num="120" count="60" type="cond" truecount="1" falsecount="1"/>
        <line num="121" count="0" type="stmt"/>
        <line num="125" count="60" type="stmt"/>
        <line num="126" count="60" type="stmt"/>
        <line num="128" count="120" type="cond" truecount="2" falsecount="0"/>
        <line num="129" count="56" type="stmt"/>
        <line num="132" count="64" type="stmt"/>
        <line num="135" count="4" type="stmt"/>
        <line num="141" count="5" type="stmt"/>
      </file>
      <file name="testUtils.js" path="/home/exleonem/Desktop/projects/queueMe/core/testUtils.js">
        <metrics statements="18" coveredstatements="17" conditionals="4" coveredconditionals="2" methods="4" coveredmethods="4"/>
        <line num="1" count="3" type="stmt"/>
        <line num="2" count="3" type="stmt"/>
        <line num="3" count="3" type="stmt"/>
        <line num="6" count="3" type="stmt"/>
        <line num="13" count="1" type="stmt"/>
        <line num="14" count="1" type="stmt"/>
        <line num="25" count="2" type="stmt"/>
        <line num="26" count="2" type="stmt"/>
        <line num="35" count="6" type="stmt"/>
        <line num="37" count="6" type="cond" truecount="1" falsecount="1"/>
        <line num="38" count="0" type="stmt"/>
        <line num="42" count="6" type="stmt"/>
        <line num="43" count="6" type="stmt"/>
        <line num="45" count="7" type="stmt"/>
        <line num="48" count="7" type="cond" truecount="1" falsecount="1"/>
        <line num="49" count="7" type="stmt"/>
        <line num="54" count="6" type="stmt"/>
        <line num="61" count="3" type="stmt"/>
      </file>
    </package>
  </project>
</coverage>
