{"/home/exleonem/Desktop/projects/queueMe/commands/cancel.js": {"path":"/home/exleonem/Desktop/projects/queueMe/commands/cancel.js","statementMap":{"0":{"start":{"line":1,"column":16},"end":{"line":1,"column":42}},"1":{"start":{"line":2,"column":22},"end":{"line":2,"column":54}},"2":{"start":{"line":21,"column":8},"end":{"line":21,"column":81}},"3":{"start":{"line":28,"column":18},"end":{"line":28,"column":44}},"4":{"start":{"line":29,"column":8},"end":{"line":31,"column":9}},"5":{"start":{"line":30,"column":12},"end":{"line":30,"column":91}},"6":{"start":{"line":34,"column":8},"end":{"line":36,"column":9}},"7":{"start":{"line":35,"column":12},"end":{"line":35,"column":57}},"8":{"start":{"line":38,"column":18},"end":{"line":38,"column":45}},"9":{"start":{"line":39,"column":20},"end":{"line":39,"column":71}},"10":{"start":{"line":41,"column":21},"end":{"line":41,"column":74}},"11":{"start":{"line":42,"column":25},"end":{"line":42,"column":75}},"12":{"start":{"line":42,"column":55},"end":{"line":42,"column":74}},"13":{"start":{"line":45,"column":30},"end":{"line":45,"column":68}},"14":{"start":{"line":46,"column":8},"end":{"line":50,"column":9}},"15":{"start":{"line":48,"column":12},"end":{"line":48,"column":78}},"16":{"start":{"line":49,"column":12},"end":{"line":49,"column":70}},"17":{"start":{"line":52,"column":8},"end":{"line":52,"column":53}},"18":{"start":{"line":57,"column":0},"end":{"line":57,"column":24}}},"fnMap":{"0":{"name":"(anonymous_0)","decl":{"start":{"line":20,"column":4},"end":{"line":20,"column":5}},"loc":{"start":{"line":20,"column":26},"end":{"line":23,"column":5}},"line":20},"1":{"name":"(anonymous_1)","decl":{"start":{"line":25,"column":4},"end":{"line":25,"column":5}},"loc":{"start":{"line":25,"column":27},"end":{"line":53,"column":5}},"line":25},"2":{"name":"(anonymous_2)","decl":{"start":{"line":42,"column":45},"end":{"line":42,"column":46}},"loc":{"start":{"line":42,"column":55},"end":{"line":42,"column":74}},"line":42}},"branchMap":{"0":{"loc":{"start":{"line":29,"column":8},"end":{"line":31,"column":9}},"type":"if","locations":[{"start":{"line":29,"column":8},"end":{"line":31,"column":9}},{"start":{"line":29,"column":8},"end":{"line":31,"column":9}}],"line":29},"1":{"loc":{"start":{"line":34,"column":8},"end":{"line":36,"column":9}},"type":"if","locations":[{"start":{"line":34,"column":8},"end":{"line":36,"column":9}},{"start":{"line":34,"column":8},"end":{"line":36,"column":9}}],"line":34},"2":{"loc":{"start":{"line":39,"column":20},"end":{"line":39,"column":71}},"type":"binary-expr","locations":[{"start":{"line":39,"column":20},"end":{"line":39,"column":41}},{"start":{"line":39,"column":45},"end":{"line":39,"column":71}}],"line":39},"3":{"loc":{"start":{"line":41,"column":21},"end":{"line":41,"column":74}},"type":"cond-expr","locations":[{"start":{"line":41,"column":37},"end":{"line":41,"column":54}},{"start":{"line":41,"column":57},"end":{"line":41,"column":74}}],"line":41},"4":{"loc":{"start":{"line":46,"column":8},"end":{"line":50,"column":9}},"type":"if","locations":[{"start":{"line":46,"column":8},"end":{"line":50,"column":9}},{"start":{"line":46,"column":8},"end":{"line":50,"column":9}}],"line":46}},"s":{"0":1,"1":1,"2":1,"3":2,"4":2,"5":0,"6":2,"7":0,"8":2,"9":2,"10":2,"11":2,"12":1,"13":2,"14":2,"15":1,"16":1,"17":2,"18":1},"f":{"0":1,"1":2,"2":1},"b":{"0":[0,2],"1":[0,2],"2":[2,0],"3":[2,0],"4":[1,1]},"_coverageSchema":"1a1c01bbd47fc00a2c39e90264f33305004495a9","hash":"58cfd4592ebc6a85abc0ba63b3f48f2fb283347f"}
,"/home/exleonem/Desktop/projects/queueMe/commands/enqueue.js": {"path":"/home/exleonem/Desktop/projects/queueMe/commands/enqueue.js","statementMap":{"0":{"start":{"line":1,"column":16},"end":{"line":1,"column":42}},"1":{"start":{"line":2,"column":22},"end":{"line":2,"column":54}},"2":{"start":{"line":21,"column":8},"end":{"line":21,"column":73}},"3":{"start":{"line":35,"column":18},"end":{"line":35,"column":44}},"4":{"start":{"line":36,"column":8},"end":{"line":38,"column":9}},"5":{"start":{"line":37,"column":12},"end":{"line":37,"column":91}},"6":{"start":{"line":41,"column":8},"end":{"line":43,"column":9}},"7":{"start":{"line":42,"column":12},"end":{"line":42,"column":57}},"8":{"start":{"line":45,"column":19},"end":{"line":50,"column":9}},"9":{"start":{"line":53,"column":22},"end":{"line":53,"column":38}},"10":{"start":{"line":54,"column":27},"end":{"line":54,"column":50}},"11":{"start":{"line":55,"column":24},"end":{"line":55,"column":62}},"12":{"start":{"line":56,"column":30},"end":{"line":56,"column":72}},"13":{"start":{"line":57,"column":8},"end":{"line":62,"column":9}},"14":{"start":{"line":59,"column":12},"end":{"line":59,"column":70}},"15":{"start":{"line":60,"column":12},"end":{"line":60,"column":64}},"16":{"start":{"line":61,"column":12},"end":{"line":61,"column":67}},"17":{"start":{"line":65,"column":8},"end":{"line":65,"column":53}},"18":{"start":{"line":78,"column":18},"end":{"line":78,"column":36}},"19":{"start":{"line":79,"column":20},"end":{"line":79,"column":41}},"20":{"start":{"line":80,"column":8},"end":{"line":87,"column":9}},"21":{"start":{"line":82,"column":12},"end":{"line":85,"column":13}},"22":{"start":{"line":86,"column":12},"end":{"line":86,"column":40}},"23":{"start":{"line":89,"column":8},"end":{"line":89,"column":21}},"24":{"start":{"line":103,"column":24},"end":{"line":103,"column":29}},"25":{"start":{"line":104,"column":8},"end":{"line":111,"column":9}},"26":{"start":{"line":104,"column":21},"end":{"line":104,"column":22}},"27":{"start":{"line":106,"column":12},"end":{"line":110,"column":13}},"28":{"start":{"line":107,"column":16},"end":{"line":107,"column":33}},"29":{"start":{"line":108,"column":16},"end":{"line":108,"column":22}},"30":{"start":{"line":113,"column":8},"end":{"line":113,"column":25}},"31":{"start":{"line":119,"column":0},"end":{"line":119,"column":25}}},"fnMap":{"0":{"name":"(anonymous_0)","decl":{"start":{"line":20,"column":4},"end":{"line":20,"column":5}},"loc":{"start":{"line":20,"column":26},"end":{"line":23,"column":5}},"line":20},"1":{"name":"(anonymous_1)","decl":{"start":{"line":32,"column":4},"end":{"line":32,"column":5}},"loc":{"start":{"line":32,"column":27},"end":{"line":66,"column":5}},"line":32},"2":{"name":"(anonymous_2)","decl":{"start":{"line":76,"column":4},"end":{"line":76,"column":5}},"loc":{"start":{"line":76,"column":23},"end":{"line":90,"column":5}},"line":76},"3":{"name":"(anonymous_3)","decl":{"start":{"line":100,"column":4},"end":{"line":100,"column":5}},"loc":{"start":{"line":100,"column":38},"end":{"line":114,"column":5}},"line":100}},"branchMap":{"0":{"loc":{"start":{"line":36,"column":8},"end":{"line":38,"column":9}},"type":"if","locations":[{"start":{"line":36,"column":8},"end":{"line":38,"column":9}},{"start":{"line":36,"column":8},"end":{"line":38,"column":9}}],"line":36},"1":{"loc":{"start":{"line":41,"column":8},"end":{"line":43,"column":9}},"type":"if","locations":[{"start":{"line":41,"column":8},"end":{"line":43,"column":9}},{"start":{"line":41,"column":8},"end":{"line":43,"column":9}}],"line":41},"2":{"loc":{"start":{"line":57,"column":8},"end":{"line":62,"column":9}},"type":"if","locations":[{"start":{"line":57,"column":8},"end":{"line":62,"column":9}},{"start":{"line":57,"column":8},"end":{"line":62,"column":9}}],"line":57},"3":{"loc":{"start":{"line":80,"column":8},"end":{"line":87,"column":9}},"type":"if","locations":[{"start":{"line":80,"column":8},"end":{"line":87,"column":9}},{"start":{"line":80,"column":8},"end":{"line":87,"column":9}}],"line":80},"4":{"loc":{"start":{"line":80,"column":12},"end":{"line":80,"column":66}},"type":"binary-expr","locations":[{"start":{"line":80,"column":12},"end":{"line":80,"column":30}},{"start":{"line":80,"column":34},"end":{"line":80,"column":66}}],"line":80},"5":{"loc":{"start":{"line":106,"column":12},"end":{"line":110,"column":13}},"type":"if","locations":[{"start":{"line":106,"column":12},"end":{"line":110,"column":13}},{"start":{"line":106,"column":12},"end":{"line":110,"column":13}}],"line":106}},"s":{"0":2,"1":2,"2":2,"3":11,"4":11,"5":1,"6":10,"7":4,"8":6,"9":6,"10":6,"11":6,"12":6,"13":6,"14":5,"15":5,"16":5,"17":6,"18":6,"19":6,"20":6,"21":5,"22":5,"23":6,"24":6,"25":6,"26":6,"27":1,"28":1,"29":1,"30":6,"31":2},"f":{"0":2,"1":11,"2":6,"3":6},"b":{"0":[1,10],"1":[4,6],"2":[5,1],"3":[5,1],"4":[6,1],"5":[1,0]},"_coverageSchema":"1a1c01bbd47fc00a2c39e90264f33305004495a9","hash":"d531f4d4158ce96eefd2ed2e7f3041595c9dd2d9"}
,"/home/exleonem/Desktop/projects/queueMe/commands/help.js": {"path":"/home/exleonem/Desktop/projects/queueMe/commands/help.js","statementMap":{"0":{"start":{"line":1,"column":16},"end":{"line":1,"column":42}},"1":{"start":{"line":2,"column":22},"end":{"line":2,"column":54}},"2":{"start":{"line":3,"column":20},"end":{"line":3,"column":49}},"3":{"start":{"line":22,"column":8},"end":{"line":22,"column":24}},"4":{"start":{"line":30,"column":19},"end":{"line":30,"column":45}},"5":{"start":{"line":31,"column":9},"end":{"line":33,"column":9}},"6":{"start":{"line":32,"column":12},"end":{"line":32,"column":57}},"7":{"start":{"line":35,"column":21},"end":{"line":35,"column":36}},"8":{"start":{"line":36,"column":30},"end":{"line":36,"column":32}},"9":{"start":{"line":38,"column":8},"end":{"line":41,"column":9}},"10":{"start":{"line":39,"column":12},"end":{"line":39,"column":66}},"11":{"start":{"line":40,"column":12},"end":{"line":40,"column":113}},"12":{"start":{"line":44,"column":8},"end":{"line":44,"column":55}},"13":{"start":{"line":45,"column":8},"end":{"line":45,"column":109}},"14":{"start":{"line":58,"column":22},"end":{"line":58,"column":50}},"15":{"start":{"line":59,"column":30},"end":{"line":59,"column":71}},"16":{"start":{"line":62,"column":8},"end":{"line":64,"column":9}},"17":{"start":{"line":63,"column":12},"end":{"line":63,"column":66}},"18":{"start":{"line":67,"column":8},"end":{"line":77,"column":9}},"19":{"start":{"line":68,"column":30},"end":{"line":68,"column":50}},"20":{"start":{"line":70,"column":12},"end":{"line":76,"column":13}},"21":{"start":{"line":71,"column":16},"end":{"line":71,"column":80}},"22":{"start":{"line":74,"column":16},"end":{"line":74,"column":69}},"23":{"start":{"line":79,"column":8},"end":{"line":79,"column":31}},"24":{"start":{"line":91,"column":22},"end":{"line":91,"column":50}},"25":{"start":{"line":94,"column":35},"end":{"line":94,"column":90}},"26":{"start":{"line":94,"column":64},"end":{"line":94,"column":78}},"27":{"start":{"line":95,"column":8},"end":{"line":95,"column":73}},"28":{"start":{"line":107,"column":27},"end":{"line":107,"column":29}},"29":{"start":{"line":108,"column":33},"end":{"line":108,"column":35}},"30":{"start":{"line":109,"column":8},"end":{"line":116,"column":9}},"31":{"start":{"line":110,"column":26},"end":{"line":110,"column":42}},"32":{"start":{"line":112,"column":12},"end":{"line":115,"column":13}},"33":{"start":{"line":113,"column":16},"end":{"line":113,"column":48}},"34":{"start":{"line":114,"column":16},"end":{"line":114,"column":55}},"35":{"start":{"line":118,"column":8},"end":{"line":118,"column":66}},"36":{"start":{"line":125,"column":0},"end":{"line":125,"column":22}}},"fnMap":{"0":{"name":"(anonymous_0)","decl":{"start":{"line":21,"column":4},"end":{"line":21,"column":5}},"loc":{"start":{"line":21,"column":26},"end":{"line":24,"column":5}},"line":21},"1":{"name":"(anonymous_1)","decl":{"start":{"line":27,"column":4},"end":{"line":27,"column":5}},"loc":{"start":{"line":27,"column":27},"end":{"line":46,"column":5}},"line":27},"2":{"name":"(anonymous_2)","decl":{"start":{"line":56,"column":4},"end":{"line":56,"column":5}},"loc":{"start":{"line":56,"column":33},"end":{"line":80,"column":5}},"line":56},"3":{"name":"(anonymous_3)","decl":{"start":{"line":89,"column":4},"end":{"line":89,"column":5}},"loc":{"start":{"line":89,"column":28},"end":{"line":96,"column":5}},"line":89},"4":{"name":"(anonymous_4)","decl":{"start":{"line":94,"column":56},"end":{"line":94,"column":57}},"loc":{"start":{"line":94,"column":64},"end":{"line":94,"column":78}},"line":94},"5":{"name":"(anonymous_5)","decl":{"start":{"line":105,"column":4},"end":{"line":105,"column":5}},"loc":{"start":{"line":105,"column":28},"end":{"line":119,"column":5}},"line":105}},"branchMap":{"0":{"loc":{"start":{"line":31,"column":9},"end":{"line":33,"column":9}},"type":"if","locations":[{"start":{"line":31,"column":9},"end":{"line":33,"column":9}},{"start":{"line":31,"column":9},"end":{"line":33,"column":9}}],"line":31},"1":{"loc":{"start":{"line":38,"column":8},"end":{"line":41,"column":9}},"type":"if","locations":[{"start":{"line":38,"column":8},"end":{"line":41,"column":9}},{"start":{"line":38,"column":8},"end":{"line":41,"column":9}}],"line":38},"2":{"loc":{"start":{"line":40,"column":19},"end":{"line":40,"column":112}},"type":"cond-expr","locations":[{"start":{"line":40,"column":36},"end":{"line":40,"column":72}},{"start":{"line":40,"column":75},"end":{"line":40,"column":112}}],"line":40},"3":{"loc":{"start":{"line":45,"column":15},"end":{"line":45,"column":108}},"type":"cond-expr","locations":[{"start":{"line":45,"column":32},"end":{"line":45,"column":68}},{"start":{"line":45,"column":71},"end":{"line":45,"column":108}}],"line":45},"4":{"loc":{"start":{"line":62,"column":8},"end":{"line":64,"column":9}},"type":"if","locations":[{"start":{"line":62,"column":8},"end":{"line":64,"column":9}},{"start":{"line":62,"column":8},"end":{"line":64,"column":9}}],"line":62},"5":{"loc":{"start":{"line":67,"column":8},"end":{"line":77,"column":9}},"type":"if","locations":[{"start":{"line":67,"column":8},"end":{"line":77,"column":9}},{"start":{"line":67,"column":8},"end":{"line":77,"column":9}}],"line":67},"6":{"loc":{"start":{"line":67,"column":12},"end":{"line":67,"column":63}},"type":"binary-expr","locations":[{"start":{"line":67,"column":12},"end":{"line":67,"column":28}},{"start":{"line":67,"column":32},"end":{"line":67,"column":63}}],"line":67},"7":{"loc":{"start":{"line":112,"column":12},"end":{"line":115,"column":13}},"type":"if","locations":[{"start":{"line":112,"column":12},"end":{"line":115,"column":13}},{"start":{"line":112,"column":12},"end":{"line":115,"column":13}}],"line":112},"8":{"loc":{"start":{"line":112,"column":16},"end":{"line":112,"column":72}},"type":"binary-expr","locations":[{"start":{"line":112,"column":16},"end":{"line":112,"column":39}},{"start":{"line":112,"column":43},"end":{"line":112,"column":72}}],"line":112}},"s":{"0":1,"1":1,"2":1,"3":1,"4":4,"5":4,"6":0,"7":4,"8":4,"9":4,"10":3,"11":3,"12":1,"13":1,"14":4,"15":4,"16":4,"17":2,"18":4,"19":1,"20":1,"21":1,"22":0,"23":4,"24":2,"25":2,"26":16,"27":2,"28":6,"29":6,"30":6,"31":54,"32":54,"33":48,"34":48,"35":6,"36":1},"f":{"0":1,"1":4,"2":4,"3":2,"4":16,"5":6},"b":{"0":[0,4],"1":[3,1],"2":[0,3],"3":[0,1],"4":[2,2],"5":[1,3],"6":[4,2],"7":[48,6],"8":[54,48]},"_coverageSchema":"1a1c01bbd47fc00a2c39e90264f33305004495a9","hash":"181bce831b4bf4ccd43cc8ae9a531b4b3717d94a"}
,"/home/exleonem/Desktop/projects/queueMe/commands/list.js": {"path":"/home/exleonem/Desktop/projects/queueMe/commands/list.js","statementMap":{"0":{"start":{"line":1,"column":16},"end":{"line":1,"column":42}},"1":{"start":{"line":2,"column":22},"end":{"line":2,"column":54}},"2":{"start":{"line":20,"column":8},"end":{"line":20,"column":25}},"3":{"start":{"line":28,"column":18},"end":{"line":28,"column":44}},"4":{"start":{"line":29,"column":8},"end":{"line":31,"column":9}},"5":{"start":{"line":30,"column":12},"end":{"line":30,"column":91}},"6":{"start":{"line":34,"column":8},"end":{"line":36,"column":9}},"7":{"start":{"line":35,"column":12},"end":{"line":35,"column":57}},"8":{"start":{"line":39,"column":8},"end":{"line":41,"column":9}},"9":{"start":{"line":40,"column":12},"end":{"line":40,"column":41}},"10":{"start":{"line":44,"column":21},"end":{"line":44,"column":74}},"11":{"start":{"line":45,"column":20},"end":{"line":45,"column":94}},"12":{"start":{"line":48,"column":8},"end":{"line":50,"column":9}},"13":{"start":{"line":49,"column":12},"end":{"line":49,"column":82}},"14":{"start":{"line":53,"column":30},"end":{"line":53,"column":31}},"15":{"start":{"line":54,"column":8},"end":{"line":60,"column":9}},"16":{"start":{"line":54,"column":21},"end":{"line":54,"column":22}},"17":{"start":{"line":56,"column":12},"end":{"line":58,"column":13}},"18":{"start":{"line":57,"column":16},"end":{"line":57,"column":22}},"19":{"start":{"line":59,"column":12},"end":{"line":59,"column":30}},"20":{"start":{"line":63,"column":8},"end":{"line":65,"column":9}},"21":{"start":{"line":64,"column":12},"end":{"line":64,"column":79}},"22":{"start":{"line":68,"column":8},"end":{"line":70,"column":9}},"23":{"start":{"line":69,"column":12},"end":{"line":69,"column":76}},"24":{"start":{"line":72,"column":8},"end":{"line":72,"column":96}},"25":{"start":{"line":78,"column":21},"end":{"line":78,"column":74}},"26":{"start":{"line":79,"column":20},"end":{"line":79,"column":45}},"27":{"start":{"line":82,"column":9},"end":{"line":84,"column":9}},"28":{"start":{"line":83,"column":12},"end":{"line":83,"column":81}},"29":{"start":{"line":87,"column":8},"end":{"line":87,"column":52}},"30":{"start":{"line":93,"column":0},"end":{"line":93,"column":22}}},"fnMap":{"0":{"name":"(anonymous_0)","decl":{"start":{"line":19,"column":4},"end":{"line":19,"column":5}},"loc":{"start":{"line":19,"column":26},"end":{"line":22,"column":5}},"line":19},"1":{"name":"(anonymous_1)","decl":{"start":{"line":25,"column":4},"end":{"line":25,"column":5}},"loc":{"start":{"line":25,"column":27},"end":{"line":73,"column":5}},"line":25},"2":{"name":"(anonymous_2)","decl":{"start":{"line":76,"column":4},"end":{"line":76,"column":5}},"loc":{"start":{"line":76,"column":21},"end":{"line":88,"column":5}},"line":76}},"branchMap":{"0":{"loc":{"start":{"line":29,"column":8},"end":{"line":31,"column":9}},"type":"if","locations":[{"start":{"line":29,"column":8},"end":{"line":31,"column":9}},{"start":{"line":29,"column":8},"end":{"line":31,"column":9}}],"line":29},"1":{"loc":{"start":{"line":34,"column":8},"end":{"line":36,"column":9}},"type":"if","locations":[{"start":{"line":34,"column":8},"end":{"line":36,"column":9}},{"start":{"line":34,"column":8},"end":{"line":36,"column":9}}],"line":34},"2":{"loc":{"start":{"line":39,"column":8},"end":{"line":41,"column":9}},"type":"if","locations":[{"start":{"line":39,"column":8},"end":{"line":41,"column":9}},{"start":{"line":39,"column":8},"end":{"line":41,"column":9}}],"line":39},"3":{"loc":{"start":{"line":39,"column":12},"end":{"line":39,"column":57}},"type":"binary-expr","locations":[{"start":{"line":39,"column":12},"end":{"line":39,"column":33}},{"start":{"line":39,"column":37},"end":{"line":39,"column":57}}],"line":39},"4":{"loc":{"start":{"line":44,"column":21},"end":{"line":44,"column":74}},"type":"cond-expr","locations":[{"start":{"line":44,"column":37},"end":{"line":44,"column":54}},{"start":{"line":44,"column":57},"end":{"line":44,"column":74}}],"line":44},"5":{"loc":{"start":{"line":45,"column":20},"end":{"line":45,"column":94}},"type":"binary-expr","locations":[{"start":{"line":45,"column":20},"end":{"line":45,"column":64}},{"start":{"line":45,"column":68},"end":{"line":45,"column":94}}],"line":45},"6":{"loc":{"start":{"line":48,"column":8},"end":{"line":50,"column":9}},"type":"if","locations":[{"start":{"line":48,"column":8},"end":{"line":50,"column":9}},{"start":{"line":48,"column":8},"end":{"line":50,"column":9}}],"line":48},"7":{"loc":{"start":{"line":56,"column":12},"end":{"line":58,"column":13}},"type":"if","locations":[{"start":{"line":56,"column":12},"end":{"line":58,"column":13}},{"start":{"line":56,"column":12},"end":{"line":58,"column":13}}],"line":56},"8":{"loc":{"start":{"line":63,"column":8},"end":{"line":65,"column":9}},"type":"if","locations":[{"start":{"line":63,"column":8},"end":{"line":65,"column":9}},{"start":{"line":63,"column":8},"end":{"line":65,"column":9}}],"line":63},"9":{"loc":{"start":{"line":68,"column":8},"end":{"line":70,"column":9}},"type":"if","locations":[{"start":{"line":68,"column":8},"end":{"line":70,"column":9}},{"start":{"line":68,"column":8},"end":{"line":70,"column":9}}],"line":68},"10":{"loc":{"start":{"line":78,"column":21},"end":{"line":78,"column":74}},"type":"cond-expr","locations":[{"start":{"line":78,"column":37},"end":{"line":78,"column":54}},{"start":{"line":78,"column":57},"end":{"line":78,"column":74}}],"line":78},"11":{"loc":{"start":{"line":82,"column":9},"end":{"line":84,"column":9}},"type":"if","locations":[{"start":{"line":82,"column":9},"end":{"line":84,"column":9}},{"start":{"line":82,"column":9},"end":{"line":84,"column":9}}],"line":82}},"s":{"0":1,"1":1,"2":0,"3":0,"4":0,"5":0,"6":0,"7":0,"8":0,"9":0,"10":0,"11":0,"12":0,"13":0,"14":0,"15":0,"16":0,"17":0,"18":0,"19":0,"20":0,"21":0,"22":0,"23":0,"24":0,"25":0,"26":0,"27":0,"28":0,"29":0,"30":1},"f":{"0":0,"1":0,"2":0},"b":{"0":[0,0],"1":[0,0],"2":[0,0],"3":[0,0],"4":[0,0],"5":[0,0],"6":[0,0],"7":[0,0],"8":[0,0],"9":[0,0],"10":[0,0],"11":[0,0]},"_coverageSchema":"1a1c01bbd47fc00a2c39e90264f33305004495a9","hash":"facb1df245889d0cbca9b70fcd2b20837850a4ff"}
,"/home/exleonem/Desktop/projects/queueMe/core/command.js": {"path":"/home/exleonem/Desktop/projects/queueMe/core/command.js","statementMap":{"0":{"start":{"line":1,"column":20},"end":{"line":1,"column":59}},"1":{"start":{"line":2,"column":22},"end":{"line":2,"column":48}},"2":{"start":{"line":3,"column":18},"end":{"line":3,"column":46}},"3":{"start":{"line":4,"column":16},"end":{"line":4,"column":36}},"4":{"start":{"line":29,"column":22},"end":{"line":29,"column":49}},"5":{"start":{"line":30,"column":8},"end":{"line":30,"column":45}},"6":{"start":{"line":31,"column":8},"end":{"line":31,"column":29}},"7":{"start":{"line":32,"column":8},"end":{"line":32,"column":49}},"8":{"start":{"line":33,"column":8},"end":{"line":33,"column":45}},"9":{"start":{"line":46,"column":8},"end":{"line":46,"column":56}},"10":{"start":{"line":57,"column":28},"end":{"line":57,"column":32}},"11":{"start":{"line":59,"column":8},"end":{"line":65,"column":9}},"12":{"start":{"line":63,"column":16},"end":{"line":63,"column":60}},"13":{"start":{"line":83,"column":23},"end":{"line":83,"column":43}},"14":{"start":{"line":84,"column":28},"end":{"line":84,"column":97}},"15":{"start":{"line":84,"column":80},"end":{"line":84,"column":96}},"16":{"start":{"line":85,"column":8},"end":{"line":85,"column":60}},"17":{"start":{"line":91,"column":0},"end":{"line":91,"column":25}}},"fnMap":{"0":{"name":"(anonymous_0)","decl":{"start":{"line":27,"column":4},"end":{"line":27,"column":5}},"loc":{"start":{"line":27,"column":39},"end":{"line":34,"column":5}},"line":27},"1":{"name":"(anonymous_1)","decl":{"start":{"line":43,"column":4},"end":{"line":43,"column":5}},"loc":{"start":{"line":43,"column":27},"end":{"line":47,"column":5}},"line":43},"2":{"name":"(anonymous_2)","decl":{"start":{"line":55,"column":4},"end":{"line":55,"column":5}},"loc":{"start":{"line":55,"column":17},"end":{"line":66,"column":5}},"line":55},"3":{"name":"(anonymous_3)","decl":{"start":{"line":62,"column":12},"end":{"line":62,"column":13}},"loc":{"start":{"line":62,"column":35},"end":{"line":64,"column":13}},"line":62},"4":{"name":"(anonymous_4)","decl":{"start":{"line":81,"column":4},"end":{"line":81,"column":5}},"loc":{"start":{"line":81,"column":22},"end":{"line":86,"column":5}},"line":81},"5":{"name":"(anonymous_5)","decl":{"start":{"line":84,"column":71},"end":{"line":84,"column":72}},"loc":{"start":{"line":84,"column":80},"end":{"line":84,"column":96}},"line":84}},"branchMap":{"0":{"loc":{"start":{"line":27,"column":26},"end":{"line":27,"column":37}},"type":"default-arg","locations":[{"start":{"line":27,"column":35},"end":{"line":27,"column":37}}],"line":27},"1":{"loc":{"start":{"line":29,"column":22},"end":{"line":29,"column":49}},"type":"binary-expr","locations":[{"start":{"line":29,"column":22},"end":{"line":29,"column":43}},{"start":{"line":29,"column":47},"end":{"line":29,"column":49}}],"line":29},"2":{"loc":{"start":{"line":30,"column":20},"end":{"line":30,"column":44}},"type":"binary-expr","locations":[{"start":{"line":30,"column":20},"end":{"line":30,"column":32}},{"start":{"line":30,"column":36},"end":{"line":30,"column":44}}],"line":30},"3":{"loc":{"start":{"line":32,"column":25},"end":{"line":32,"column":48}},"type":"binary-expr","locations":[{"start":{"line":32,"column":25},"end":{"line":32,"column":42}},{"start":{"line":32,"column":46},"end":{"line":32,"column":48}}],"line":32}},"s":{"0":4,"1":4,"2":4,"3":4,"4":4,"5":4,"6":4,"7":4,"8":4,"9":0,"10":0,"11":0,"12":0,"13":25,"14":25,"15":28,"16":25,"17":4},"f":{"0":4,"1":0,"2":0,"3":0,"4":25,"5":28},"b":{"0":[1],"1":[4,0],"2":[4,0],"3":[4,0]},"_coverageSchema":"1a1c01bbd47fc00a2c39e90264f33305004495a9","hash":"d1042aa4f5e2873879330d255f02adbf98687572"}
,"/home/exleonem/Desktop/projects/queueMe/core/communication.js": {"path":"/home/exleonem/Desktop/projects/queueMe/core/communication.js","statementMap":{"0":{"start":{"line":1,"column":18},"end":{"line":1,"column":40}},"1":{"start":{"line":2,"column":16},"end":{"line":2,"column":36}},"2":{"start":{"line":3,"column":32},"end":{"line":3,"column":57}},"3":{"start":{"line":4,"column":20},"end":{"line":4,"column":59}},"4":{"start":{"line":25,"column":8},"end":{"line":25,"column":31}},"5":{"start":{"line":26,"column":8},"end":{"line":26,"column":45}},"6":{"start":{"line":27,"column":8},"end":{"line":27,"column":53}},"7":{"start":{"line":28,"column":8},"end":{"line":28,"column":33}},"8":{"start":{"line":45,"column":26},"end":{"line":45,"column":43}},"9":{"start":{"line":46,"column":27},"end":{"line":46,"column":45}},"10":{"start":{"line":48,"column":21},"end":{"line":48,"column":53}},"11":{"start":{"line":51,"column":8},"end":{"line":54,"column":9}},"12":{"start":{"line":52,"column":12},"end":{"line":52,"column":56}},"13":{"start":{"line":57,"column":8},"end":{"line":57,"column":110}},"14":{"start":{"line":71,"column":8},"end":{"line":71,"column":50}},"15":{"start":{"line":73,"column":23},"end":{"line":73,"column":36}},"16":{"start":{"line":74,"column":8},"end":{"line":86,"column":9}},"17":{"start":{"line":76,"column":24},"end":{"line":76,"column":29}},"18":{"start":{"line":77,"column":12},"end":{"line":83,"column":13}},"19":{"start":{"line":77,"column":25},"end":{"line":77,"column":26}},"20":{"start":{"line":79,"column":16},"end":{"line":82,"column":17}},"21":{"start":{"line":80,"column":20},"end":{"line":80,"column":33}},"22":{"start":{"line":81,"column":20},"end":{"line":81,"column":26}},"23":{"start":{"line":85,"column":12},"end":{"line":85,"column":25}},"24":{"start":{"line":89,"column":8},"end":{"line":89,"column":96}},"25":{"start":{"line":103,"column":8},"end":{"line":103,"column":48}},"26":{"start":{"line":104,"column":8},"end":{"line":104,"column":50}},"27":{"start":{"line":107,"column":21},"end":{"line":107,"column":53}},"28":{"start":{"line":108,"column":8},"end":{"line":130,"column":9}},"29":{"start":{"line":110,"column":24},"end":{"line":110,"column":29}},"30":{"start":{"line":111,"column":12},"end":{"line":127,"column":13}},"31":{"start":{"line":111,"column":25},"end":{"line":111,"column":26}},"32":{"start":{"line":114,"column":30},"end":{"line":114,"column":39}},"33":{"start":{"line":115,"column":16},"end":{"line":118,"column":17}},"34":{"start":{"line":116,"column":20},"end":{"line":116,"column":33}},"35":{"start":{"line":117,"column":20},"end":{"line":117,"column":26}},"36":{"start":{"line":121,"column":33},"end":{"line":121,"column":76}},"37":{"start":{"line":122,"column":37},"end":{"line":122,"column":88}},"38":{"start":{"line":123,"column":16},"end":{"line":126,"column":17}},"39":{"start":{"line":124,"column":20},"end":{"line":124,"column":33}},"40":{"start":{"line":125,"column":20},"end":{"line":125,"column":26}},"41":{"start":{"line":129,"column":12},"end":{"line":129,"column":25}},"42":{"start":{"line":132,"column":8},"end":{"line":132,"column":76}},"43":{"start":{"line":151,"column":23},"end":{"line":151,"column":42}},"44":{"start":{"line":152,"column":28},"end":{"line":152,"column":97}},"45":{"start":{"line":152,"column":80},"end":{"line":152,"column":96}},"46":{"start":{"line":153,"column":8},"end":{"line":153,"column":60}},"47":{"start":{"line":167,"column":8},"end":{"line":167,"column":36}},"48":{"start":{"line":183,"column":21},"end":{"line":183,"column":37}},"49":{"start":{"line":184,"column":8},"end":{"line":186,"column":9}},"50":{"start":{"line":185,"column":12},"end":{"line":185,"column":61}},"51":{"start":{"line":189,"column":22},"end":{"line":189,"column":44}},"52":{"start":{"line":190,"column":8},"end":{"line":193,"column":9}},"53":{"start":{"line":191,"column":12},"end":{"line":191,"column":67}},"54":{"start":{"line":196,"column":8},"end":{"line":199,"column":9}},"55":{"start":{"line":197,"column":12},"end":{"line":197,"column":66}},"56":{"start":{"line":202,"column":25},"end":{"line":202,"column":67}},"57":{"start":{"line":203,"column":24},"end":{"line":203,"column":63}},"58":{"start":{"line":204,"column":8},"end":{"line":206,"column":9}},"59":{"start":{"line":205,"column":12},"end":{"line":205,"column":60}},"60":{"start":{"line":210,"column":8},"end":{"line":210,"column":73}},"61":{"start":{"line":224,"column":19},"end":{"line":230,"column":9}},"62":{"start":{"line":232,"column":23},"end":{"line":256,"column":9}},"63":{"start":{"line":235,"column":12},"end":{"line":237,"column":13}},"64":{"start":{"line":236,"column":16},"end":{"line":236,"column":23}},"65":{"start":{"line":239,"column":33},"end":{"line":239,"column":76}},"66":{"start":{"line":240,"column":32},"end":{"line":240,"column":87}},"67":{"start":{"line":243,"column":12},"end":{"line":245,"column":13}},"68":{"start":{"line":244,"column":16},"end":{"line":244,"column":46}},"69":{"start":{"line":248,"column":12},"end":{"line":250,"column":13}},"70":{"start":{"line":249,"column":16},"end":{"line":249,"column":45}},"71":{"start":{"line":253,"column":12},"end":{"line":255,"column":13}},"72":{"start":{"line":254,"column":16},"end":{"line":254,"column":52}},"73":{"start":{"line":259,"column":8},"end":{"line":259,"column":57}},"74":{"start":{"line":260,"column":8},"end":{"line":260,"column":20}},"75":{"start":{"line":271,"column":8},"end":{"line":271,"column":63}},"76":{"start":{"line":277,"column":8},"end":{"line":277,"column":65}},"77":{"start":{"line":282,"column":8},"end":{"line":282,"column":65}},"78":{"start":{"line":297,"column":8},"end":{"line":297,"column":84}},"79":{"start":{"line":307,"column":8},"end":{"line":307,"column":98}},"80":{"start":{"line":317,"column":8},"end":{"line":317,"column":107}},"81":{"start":{"line":326,"column":8},"end":{"line":326,"column":48}},"82":{"start":{"line":334,"column":8},"end":{"line":334,"column":29}},"83":{"start":{"line":345,"column":8},"end":{"line":347,"column":9}},"84":{"start":{"line":346,"column":12},"end":{"line":346,"column":24}},"85":{"start":{"line":349,"column":22},"end":{"line":349,"column":43}},"86":{"start":{"line":352,"column":23},"end":{"line":352,"column":83}},"87":{"start":{"line":353,"column":8},"end":{"line":359,"column":9}},"88":{"start":{"line":354,"column":12},"end":{"line":354,"column":37}},"89":{"start":{"line":357,"column":12},"end":{"line":357,"column":38}},"90":{"start":{"line":362,"column":21},"end":{"line":362,"column":79}},"91":{"start":{"line":363,"column":8},"end":{"line":369,"column":9}},"92":{"start":{"line":364,"column":12},"end":{"line":364,"column":33}},"93":{"start":{"line":367,"column":12},"end":{"line":367,"column":36}},"94":{"start":{"line":372,"column":20},"end":{"line":372,"column":77}},"95":{"start":{"line":373,"column":8},"end":{"line":379,"column":9}},"96":{"start":{"line":374,"column":12},"end":{"line":374,"column":31}},"97":{"start":{"line":377,"column":12},"end":{"line":377,"column":35}},"98":{"start":{"line":387,"column":8},"end":{"line":387,"column":73}},"99":{"start":{"line":395,"column":8},"end":{"line":395,"column":70}},"100":{"start":{"line":403,"column":8},"end":{"line":403,"column":79}},"101":{"start":{"line":409,"column":0},"end":{"line":409,"column":31}}},"fnMap":{"0":{"name":"(anonymous_0)","decl":{"start":{"line":24,"column":4},"end":{"line":24,"column":5}},"loc":{"start":{"line":24,"column":25},"end":{"line":29,"column":5}},"line":24},"1":{"name":"(anonymous_1)","decl":{"start":{"line":43,"column":4},"end":{"line":43,"column":5}},"loc":{"start":{"line":43,"column":29},"end":{"line":58,"column":5}},"line":43},"2":{"name":"(anonymous_2)","decl":{"start":{"line":69,"column":4},"end":{"line":69,"column":5}},"loc":{"start":{"line":69,"column":36},"end":{"line":90,"column":5}},"line":69},"3":{"name":"(anonymous_3)","decl":{"start":{"line":101,"column":4},"end":{"line":101,"column":5}},"loc":{"start":{"line":101,"column":67},"end":{"line":133,"column":5}},"line":101},"4":{"name":"(anonymous_4)","decl":{"start":{"line":149,"column":4},"end":{"line":149,"column":5}},"loc":{"start":{"line":149,"column":22},"end":{"line":154,"column":5}},"line":149},"5":{"name":"(anonymous_5)","decl":{"start":{"line":152,"column":71},"end":{"line":152,"column":72}},"loc":{"start":{"line":152,"column":80},"end":{"line":152,"column":96}},"line":152},"6":{"name":"(anonymous_6)","decl":{"start":{"line":166,"column":4},"end":{"line":166,"column":5}},"loc":{"start":{"line":166,"column":15},"end":{"line":169,"column":5}},"line":166},"7":{"name":"(anonymous_7)","decl":{"start":{"line":179,"column":4},"end":{"line":179,"column":5}},"loc":{"start":{"line":179,"column":29},"end":{"line":211,"column":5}},"line":179},"8":{"name":"(anonymous_8)","decl":{"start":{"line":222,"column":4},"end":{"line":222,"column":5}},"loc":{"start":{"line":222,"column":35},"end":{"line":261,"column":5}},"line":222},"9":{"name":"(anonymous_9)","decl":{"start":{"line":232,"column":23},"end":{"line":232,"column":24}},"loc":{"start":{"line":232,"column":34},"end":{"line":256,"column":9}},"line":232},"10":{"name":"(anonymous_10)","decl":{"start":{"line":269,"column":4},"end":{"line":269,"column":5}},"loc":{"start":{"line":269,"column":18},"end":{"line":272,"column":5}},"line":269},"11":{"name":"(anonymous_11)","decl":{"start":{"line":275,"column":4},"end":{"line":275,"column":5}},"loc":{"start":{"line":275,"column":19},"end":{"line":278,"column":5}},"line":275},"12":{"name":"(anonymous_12)","decl":{"start":{"line":281,"column":4},"end":{"line":281,"column":5}},"loc":{"start":{"line":281,"column":19},"end":{"line":283,"column":5}},"line":281},"13":{"name":"(anonymous_13)","decl":{"start":{"line":296,"column":4},"end":{"line":296,"column":5}},"loc":{"start":{"line":296,"column":16},"end":{"line":298,"column":5}},"line":296},"14":{"name":"(anonymous_14)","decl":{"start":{"line":306,"column":4},"end":{"line":306,"column":5}},"loc":{"start":{"line":306,"column":17},"end":{"line":308,"column":5}},"line":306},"15":{"name":"(anonymous_15)","decl":{"start":{"line":316,"column":4},"end":{"line":316,"column":5}},"loc":{"start":{"line":316,"column":18},"end":{"line":318,"column":5}},"line":316},"16":{"name":"(anonymous_16)","decl":{"start":{"line":325,"column":4},"end":{"line":325,"column":5}},"loc":{"start":{"line":325,"column":36},"end":{"line":327,"column":5}},"line":325},"17":{"name":"(anonymous_17)","decl":{"start":{"line":333,"column":4},"end":{"line":333,"column":5}},"loc":{"start":{"line":333,"column":24},"end":{"line":335,"column":5}},"line":333},"18":{"name":"(anonymous_18)","decl":{"start":{"line":342,"column":4},"end":{"line":342,"column":5}},"loc":{"start":{"line":342,"column":24},"end":{"line":380,"column":5}},"line":342},"19":{"name":"(anonymous_19)","decl":{"start":{"line":386,"column":4},"end":{"line":386,"column":5}},"loc":{"start":{"line":386,"column":23},"end":{"line":388,"column":5}},"line":386},"20":{"name":"(anonymous_20)","decl":{"start":{"line":394,"column":4},"end":{"line":394,"column":5}},"loc":{"start":{"line":394,"column":22},"end":{"line":396,"column":5}},"line":394},"21":{"name":"(anonymous_21)","decl":{"start":{"line":402,"column":4},"end":{"line":402,"column":5}},"loc":{"start":{"line":402,"column":25},"end":{"line":404,"column":5}},"line":402}},"branchMap":{"0":{"loc":{"start":{"line":27,"column":24},"end":{"line":27,"column":52}},"type":"binary-expr","locations":[{"start":{"line":27,"column":24},"end":{"line":27,"column":46}},{"start":{"line":27,"column":50},"end":{"line":27,"column":52}}],"line":27},"1":{"loc":{"start":{"line":43,"column":14},"end":{"line":43,"column":27}},"type":"default-arg","locations":[{"start":{"line":43,"column":22},"end":{"line":43,"column":27}}],"line":43},"2":{"loc":{"start":{"line":48,"column":21},"end":{"line":48,"column":53}},"type":"cond-expr","locations":[{"start":{"line":48,"column":29},"end":{"line":48,"column":39}},{"start":{"line":48,"column":42},"end":{"line":48,"column":53}}],"line":48},"3":{"loc":{"start":{"line":51,"column":8},"end":{"line":54,"column":9}},"type":"if","locations":[{"start":{"line":51,"column":8},"end":{"line":54,"column":9}},{"start":{"line":51,"column":8},"end":{"line":54,"column":9}}],"line":51},"4":{"loc":{"start":{"line":57,"column":15},"end":{"line":57,"column":109}},"type":"binary-expr","locations":[{"start":{"line":57,"column":15},"end":{"line":57,"column":69}},{"start":{"line":57,"column":73},"end":{"line":57,"column":109}}],"line":57},"5":{"loc":{"start":{"line":74,"column":8},"end":{"line":86,"column":9}},"type":"if","locations":[{"start":{"line":74,"column":8},"end":{"line":86,"column":9}},{"start":{"line":74,"column":8},"end":{"line":86,"column":9}}],"line":74},"6":{"loc":{"start":{"line":79,"column":16},"end":{"line":82,"column":17}},"type":"if","locations":[{"start":{"line":79,"column":16},"end":{"line":82,"column":17}},{"start":{"line":79,"column":16},"end":{"line":82,"column":17}}],"line":79},"7":{"loc":{"start":{"line":89,"column":15},"end":{"line":89,"column":95}},"type":"binary-expr","locations":[{"start":{"line":89,"column":16},"end":{"line":89,"column":39}},{"start":{"line":89,"column":43},"end":{"line":89,"column":81}},{"start":{"line":89,"column":86},"end":{"line":89,"column":95}}],"line":89},"8":{"loc":{"start":{"line":101,"column":33},"end":{"line":101,"column":50}},"type":"default-arg","locations":[{"start":{"line":101,"column":48},"end":{"line":101,"column":50}}],"line":101},"9":{"loc":{"start":{"line":101,"column":52},"end":{"line":101,"column":65}},"type":"default-arg","locations":[{"start":{"line":101,"column":60},"end":{"line":101,"column":65}}],"line":101},"10":{"loc":{"start":{"line":107,"column":21},"end":{"line":107,"column":53}},"type":"cond-expr","locations":[{"start":{"line":107,"column":29},"end":{"line":107,"column":39}},{"start":{"line":107,"column":42},"end":{"line":107,"column":53}}],"line":107},"11":{"loc":{"start":{"line":108,"column":8},"end":{"line":130,"column":9}},"type":"if","locations":[{"start":{"line":108,"column":8},"end":{"line":130,"column":9}},{"start":{"line":108,"column":8},"end":{"line":130,"column":9}}],"line":108},"12":{"loc":{"start":{"line":115,"column":16},"end":{"line":118,"column":17}},"type":"if","locations":[{"start":{"line":115,"column":16},"end":{"line":118,"column":17}},{"start":{"line":115,"column":16},"end":{"line":118,"column":17}}],"line":115},"13":{"loc":{"start":{"line":115,"column":20},"end":{"line":115,"column":82}},"type":"binary-expr","locations":[{"start":{"line":115,"column":20},"end":{"line":115,"column":42}},{"start":{"line":115,"column":46},"end":{"line":115,"column":82}}],"line":115},"14":{"loc":{"start":{"line":121,"column":33},"end":{"line":121,"column":76}},"type":"binary-expr","locations":[{"start":{"line":121,"column":33},"end":{"line":121,"column":45}},{"start":{"line":121,"column":49},"end":{"line":121,"column":76}}],"line":121},"15":{"loc":{"start":{"line":122,"column":37},"end":{"line":122,"column":88}},"type":"binary-expr","locations":[{"start":{"line":122,"column":37},"end":{"line":122,"column":53}},{"start":{"line":122,"column":57},"end":{"line":122,"column":88}}],"line":122},"16":{"loc":{"start":{"line":123,"column":16},"end":{"line":126,"column":17}},"type":"if","locations":[{"start":{"line":123,"column":16},"end":{"line":126,"column":17}},{"start":{"line":123,"column":16},"end":{"line":126,"column":17}}],"line":123},"17":{"loc":{"start":{"line":123,"column":20},"end":{"line":123,"column":169}},"type":"binary-expr","locations":[{"start":{"line":123,"column":20},"end":{"line":123,"column":42}},{"start":{"line":123,"column":46},"end":{"line":123,"column":56}},{"start":{"line":123,"column":60},"end":{"line":123,"column":101}},{"start":{"line":123,"column":105},"end":{"line":123,"column":119}},{"start":{"line":123,"column":123},"end":{"line":123,"column":169}}],"line":123},"18":{"loc":{"start":{"line":132,"column":15},"end":{"line":132,"column":75}},"type":"binary-expr","locations":[{"start":{"line":132,"column":15},"end":{"line":132,"column":36}},{"start":{"line":132,"column":40},"end":{"line":132,"column":75}}],"line":132},"19":{"loc":{"start":{"line":179,"column":14},"end":{"line":179,"column":27}},"type":"default-arg","locations":[{"start":{"line":179,"column":22},"end":{"line":179,"column":27}}],"line":179},"20":{"loc":{"start":{"line":184,"column":8},"end":{"line":186,"column":9}},"type":"if","locations":[{"start":{"line":184,"column":8},"end":{"line":186,"column":9}},{"start":{"line":184,"column":8},"end":{"line":186,"column":9}}],"line":184},"21":{"loc":{"start":{"line":190,"column":8},"end":{"line":193,"column":9}},"type":"if","locations":[{"start":{"line":190,"column":8},"end":{"line":193,"column":9}},{"start":{"line":190,"column":8},"end":{"line":193,"column":9}}],"line":190},"22":{"loc":{"start":{"line":190,"column":12},"end":{"line":190,"column":87}},"type":"binary-expr","locations":[{"start":{"line":190,"column":12},"end":{"line":190,"column":35}},{"start":{"line":190,"column":39},"end":{"line":190,"column":60}},{"start":{"line":190,"column":64},"end":{"line":190,"column":87}}],"line":190},"23":{"loc":{"start":{"line":196,"column":8},"end":{"line":199,"column":9}},"type":"if","locations":[{"start":{"line":196,"column":8},"end":{"line":199,"column":9}},{"start":{"line":196,"column":8},"end":{"line":199,"column":9}}],"line":196},"24":{"loc":{"start":{"line":196,"column":12},"end":{"line":196,"column":94}},"type":"binary-expr","locations":[{"start":{"line":196,"column":12},"end":{"line":196,"column":41}},{"start":{"line":196,"column":46},"end":{"line":196,"column":68}},{"start":{"line":196,"column":72},"end":{"line":196,"column":94}}],"line":196},"25":{"loc":{"start":{"line":204,"column":8},"end":{"line":206,"column":9}},"type":"if","locations":[{"start":{"line":204,"column":8},"end":{"line":206,"column":9}},{"start":{"line":204,"column":8},"end":{"line":206,"column":9}}],"line":204},"26":{"loc":{"start":{"line":204,"column":12},"end":{"line":204,"column":36}},"type":"binary-expr","locations":[{"start":{"line":204,"column":12},"end":{"line":204,"column":22}},{"start":{"line":204,"column":26},"end":{"line":204,"column":36}}],"line":204},"27":{"loc":{"start":{"line":222,"column":20},"end":{"line":222,"column":33}},"type":"default-arg","locations":[{"start":{"line":222,"column":28},"end":{"line":222,"column":33}}],"line":222},"28":{"loc":{"start":{"line":225,"column":32},"end":{"line":225,"column":60}},"type":"cond-expr","locations":[{"start":{"line":225,"column":48},"end":{"line":225,"column":52}},{"start":{"line":225,"column":55},"end":{"line":225,"column":60}}],"line":225},"29":{"loc":{"start":{"line":226,"column":31},"end":{"line":226,"column":74}},"type":"cond-expr","locations":[{"start":{"line":226,"column":62},"end":{"line":226,"column":66}},{"start":{"line":226,"column":69},"end":{"line":226,"column":74}}],"line":226},"30":{"loc":{"start":{"line":235,"column":12},"end":{"line":237,"column":13}},"type":"if","locations":[{"start":{"line":235,"column":12},"end":{"line":237,"column":13}},{"start":{"line":235,"column":12},"end":{"line":237,"column":13}}],"line":235},"31":{"loc":{"start":{"line":243,"column":12},"end":{"line":245,"column":13}},"type":"if","locations":[{"start":{"line":243,"column":12},"end":{"line":245,"column":13}},{"start":{"line":243,"column":12},"end":{"line":245,"column":13}}],"line":243},"32":{"loc":{"start":{"line":243,"column":16},"end":{"line":243,"column":57}},"type":"binary-expr","locations":[{"start":{"line":243,"column":16},"end":{"line":243,"column":39}},{"start":{"line":243,"column":43},"end":{"line":243,"column":57}}],"line":243},"33":{"loc":{"start":{"line":248,"column":12},"end":{"line":250,"column":13}},"type":"if","locations":[{"start":{"line":248,"column":12},"end":{"line":250,"column":13}},{"start":{"line":248,"column":12},"end":{"line":250,"column":13}}],"line":248},"34":{"loc":{"start":{"line":248,"column":16},"end":{"line":248,"column":55}},"type":"binary-expr","locations":[{"start":{"line":248,"column":16},"end":{"line":248,"column":38}},{"start":{"line":248,"column":42},"end":{"line":248,"column":55}}],"line":248},"35":{"loc":{"start":{"line":253,"column":12},"end":{"line":255,"column":13}},"type":"if","locations":[{"start":{"line":253,"column":12},"end":{"line":255,"column":13}},{"start":{"line":253,"column":12},"end":{"line":255,"column":13}}],"line":253},"36":{"loc":{"start":{"line":253,"column":16},"end":{"line":253,"column":80}},"type":"binary-expr","locations":[{"start":{"line":253,"column":16},"end":{"line":253,"column":45}},{"start":{"line":253,"column":49},"end":{"line":253,"column":63}},{"start":{"line":253,"column":67},"end":{"line":253,"column":80}}],"line":253},"37":{"loc":{"start":{"line":271,"column":15},"end":{"line":271,"column":62}},"type":"binary-expr","locations":[{"start":{"line":271,"column":15},"end":{"line":271,"column":36}},{"start":{"line":271,"column":40},"end":{"line":271,"column":62}}],"line":271},"38":{"loc":{"start":{"line":277,"column":15},"end":{"line":277,"column":64}},"type":"binary-expr","locations":[{"start":{"line":277,"column":15},"end":{"line":277,"column":37}},{"start":{"line":277,"column":41},"end":{"line":277,"column":64}}],"line":277},"39":{"loc":{"start":{"line":282,"column":15},"end":{"line":282,"column":64}},"type":"binary-expr","locations":[{"start":{"line":282,"column":15},"end":{"line":282,"column":37}},{"start":{"line":282,"column":41},"end":{"line":282,"column":64}}],"line":282},"40":{"loc":{"start":{"line":297,"column":15},"end":{"line":297,"column":83}},"type":"cond-expr","locations":[{"start":{"line":297,"column":36},"end":{"line":297,"column":58}},{"start":{"line":297,"column":61},"end":{"line":297,"column":83}}],"line":297},"41":{"loc":{"start":{"line":307,"column":15},"end":{"line":307,"column":97}},"type":"cond-expr","locations":[{"start":{"line":307,"column":67},"end":{"line":307,"column":92}},{"start":{"line":307,"column":95},"end":{"line":307,"column":97}}],"line":307},"42":{"loc":{"start":{"line":307,"column":15},"end":{"line":307,"column":64}},"type":"binary-expr","locations":[{"start":{"line":307,"column":15},"end":{"line":307,"column":35}},{"start":{"line":307,"column":39},"end":{"line":307,"column":64}}],"line":307},"43":{"loc":{"start":{"line":317,"column":15},"end":{"line":317,"column":106}},"type":"cond-expr","locations":[{"start":{"line":317,"column":69},"end":{"line":317,"column":101}},{"start":{"line":317,"column":104},"end":{"line":317,"column":106}}],"line":317},"44":{"loc":{"start":{"line":317,"column":15},"end":{"line":317,"column":66}},"type":"binary-expr","locations":[{"start":{"line":317,"column":15},"end":{"line":317,"column":35}},{"start":{"line":317,"column":39},"end":{"line":317,"column":66}}],"line":317},"45":{"loc":{"start":{"line":325,"column":21},"end":{"line":325,"column":34}},"type":"default-arg","locations":[{"start":{"line":325,"column":29},"end":{"line":325,"column":34}}],"line":325},"46":{"loc":{"start":{"line":326,"column":15},"end":{"line":326,"column":47}},"type":"cond-expr","locations":[{"start":{"line":326,"column":23},"end":{"line":326,"column":34}},{"start":{"line":326,"column":37},"end":{"line":326,"column":47}}],"line":326},"47":{"loc":{"start":{"line":345,"column":8},"end":{"line":347,"column":9}},"type":"if","locations":[{"start":{"line":345,"column":8},"end":{"line":347,"column":9}},{"start":{"line":345,"column":8},"end":{"line":347,"column":9}}],"line":345},"48":{"loc":{"start":{"line":353,"column":8},"end":{"line":359,"column":9}},"type":"if","locations":[{"start":{"line":353,"column":8},"end":{"line":359,"column":9}},{"start":{"line":353,"column":8},"end":{"line":359,"column":9}}],"line":353},"49":{"loc":{"start":{"line":363,"column":8},"end":{"line":369,"column":9}},"type":"if","locations":[{"start":{"line":363,"column":8},"end":{"line":369,"column":9}},{"start":{"line":363,"column":8},"end":{"line":369,"column":9}}],"line":363},"50":{"loc":{"start":{"line":373,"column":8},"end":{"line":379,"column":9}},"type":"if","locations":[{"start":{"line":373,"column":8},"end":{"line":379,"column":9}},{"start":{"line":373,"column":8},"end":{"line":379,"column":9}}],"line":373},"51":{"loc":{"start":{"line":387,"column":22},"end":{"line":387,"column":72}},"type":"cond-expr","locations":[{"start":{"line":387,"column":52},"end":{"line":387,"column":67}},{"start":{"line":387,"column":70},"end":{"line":387,"column":72}}],"line":387},"52":{"loc":{"start":{"line":387,"column":22},"end":{"line":387,"column":49}},"type":"binary-expr","locations":[{"start":{"line":387,"column":22},"end":{"line":387,"column":30}},{"start":{"line":387,"column":34},"end":{"line":387,"column":49}}],"line":387},"53":{"loc":{"start":{"line":395,"column":21},"end":{"line":395,"column":69}},"type":"cond-expr","locations":[{"start":{"line":395,"column":50},"end":{"line":395,"column":64}},{"start":{"line":395,"column":67},"end":{"line":395,"column":69}}],"line":395},"54":{"loc":{"start":{"line":395,"column":21},"end":{"line":395,"column":47}},"type":"binary-expr","locations":[{"start":{"line":395,"column":21},"end":{"line":395,"column":29}},{"start":{"line":395,"column":33},"end":{"line":395,"column":47}}],"line":395},"55":{"loc":{"start":{"line":403,"column":24},"end":{"line":403,"column":78}},"type":"cond-expr","locations":[{"start":{"line":403,"column":56},"end":{"line":403,"column":73}},{"start":{"line":403,"column":76},"end":{"line":403,"column":78}}],"line":403},"56":{"loc":{"start":{"line":403,"column":24},"end":{"line":403,"column":53}},"type":"binary-expr","locations":[{"start":{"line":403,"column":24},"end":{"line":403,"column":32}},{"start":{"line":403,"column":36},"end":{"line":403,"column":53}}],"line":403}},"s":{"0":4,"1":4,"2":4,"3":4,"4":17,"5":17,"6":17,"7":17,"8":16,"9":16,"10":16,"11":16,"12":0,"13":16,"14":23,"15":23,"16":23,"17":0,"18":0,"19":0,"20":0,"21":0,"22":0,"23":0,"24":23,"25":27,"26":27,"27":27,"28":27,"29":0,"30":0,"31":0,"32":0,"33":0,"34":0,"35":0,"36":0,"37":0,"38":0,"39":0,"40":0,"41":0,"42":27,"43":5,"44":5,"45":5,"46":5,"47":21,"48":4,"49":4,"50":0,"51":4,"52":4,"53":1,"54":3,"55":1,"56":2,"57":2,"58":2,"59":1,"60":1,"61":4,"62":4,"63":9,"64":0,"65":9,"66":9,"67":9,"68":3,"69":9,"70":3,"71":9,"72":2,"73":4,"74":4,"75":50,"76":50,"77":0,"78":9,"79":18,"80":18,"81":4,"82":0,"83":17,"84":0,"85":17,"86":17,"87":17,"88":0,"89":17,"90":17,"91":17,"92":0,"93":17,"94":17,"95":17,"96":0,"97":17,"98":17,"99":17,"100":17,"101":4},"f":{"0":17,"1":16,"2":23,"3":27,"4":5,"5":5,"6":21,"7":4,"8":4,"9":9,"10":50,"11":50,"12":0,"13":9,"14":18,"15":18,"16":4,"17":0,"18":17,"19":17,"20":17,"21":17},"b":{"0":[17,0],"1":[16],"2":[0,16],"3":[0,16],"4":[16,12],"5":[0,23],"6":[0,0],"7":[23,23,4],"8":[2],"9":[11],"10":[0,27],"11":[0,27],"12":[0,0],"13":[0,0],"14":[0,0],"15":[0,0],"16":[0,0],"17":[0,0,0,0,0],"18":[27,27],"19":[4],"20":[0,4],"21":[1,3],"22":[4,1,1],"23":[1,2],"24":[3,1,1],"25":[1,1],"26":[2,1],"27":[4],"28":[4,0],"29":[4,0],"30":[0,9],"31":[3,6],"32":[9,5],"33":[3,6],"34":[9,5],"35":[2,7],"36":[9,6,4],"37":[50,50],"38":[50,50],"39":[0,0],"40":[8,1],"41":[18,0],"42":[18,18],"43":[18,0],"44":[18,18],"45":[0],"46":[0,4],"47":[0,17],"48":[0,17],"49":[0,17],"50":[0,17],"51":[17,0],"52":[17,17],"53":[17,0],"54":[17,17],"55":[17,0],"56":[17,17]},"_coverageSchema":"1a1c01bbd47fc00a2c39e90264f33305004495a9","hash":"b71530ecb2166bbeb16230bbadf3df534138e1ff"}
,"/home/exleonem/Desktop/projects/queueMe/core/file.js": {"path":"/home/exleonem/Desktop/projects/queueMe/core/file.js","statementMap":{"0":{"start":{"line":1,"column":11},"end":{"line":1,"column":24}},"1":{"start":{"line":2,"column":13},"end":{"line":2,"column":28}},"2":{"start":{"line":3,"column":16},"end":{"line":3,"column":34}},"3":{"start":{"line":19,"column":8},"end":{"line":19,"column":34}},"4":{"start":{"line":21,"column":8},"end":{"line":21,"column":48}},"5":{"start":{"line":22,"column":8},"end":{"line":22,"column":26}},"6":{"start":{"line":23,"column":8},"end":{"line":23,"column":31}},"7":{"start":{"line":24,"column":8},"end":{"line":24,"column":27}},"8":{"start":{"line":40,"column":22},"end":{"line":40,"column":24}},"9":{"start":{"line":43,"column":29},"end":{"line":43,"column":99}},"10":{"start":{"line":43,"column":76},"end":{"line":43,"column":98}},"11":{"start":{"line":44,"column":8},"end":{"line":48,"column":9}},"12":{"start":{"line":46,"column":27},"end":{"line":46,"column":45}},"13":{"start":{"line":47,"column":12},"end":{"line":47,"column":74}},"14":{"start":{"line":50,"column":8},"end":{"line":50,"column":23}},"15":{"start":{"line":63,"column":8},"end":{"line":66,"column":9}},"16":{"start":{"line":64,"column":12},"end":{"line":64,"column":40}},"17":{"start":{"line":69,"column":8},"end":{"line":72,"column":9}},"18":{"start":{"line":70,"column":12},"end":{"line":70,"column":35}},"19":{"start":{"line":74,"column":22},"end":{"line":74,"column":42}},"20":{"start":{"line":75,"column":23},"end":{"line":75,"column":59}},"21":{"start":{"line":76,"column":8},"end":{"line":76,"column":44}},"22":{"start":{"line":103,"column":8},"end":{"line":106,"column":9}},"23":{"start":{"line":104,"column":12},"end":{"line":104,"column":61}},"24":{"start":{"line":108,"column":8},"end":{"line":108,"column":46}},"25":{"start":{"line":120,"column":22},"end":{"line":122,"column":9}},"26":{"start":{"line":124,"column":8},"end":{"line":124,"column":52}},"27":{"start":{"line":136,"column":22},"end":{"line":138,"column":9}},"28":{"start":{"line":140,"column":8},"end":{"line":140,"column":52}},"29":{"start":{"line":152,"column":22},"end":{"line":154,"column":9}},"30":{"start":{"line":156,"column":8},"end":{"line":156,"column":52}},"31":{"start":{"line":169,"column":23},"end":{"line":169,"column":69}},"32":{"start":{"line":171,"column":8},"end":{"line":173,"column":9}},"33":{"start":{"line":172,"column":12},"end":{"line":172,"column":53}},"34":{"start":{"line":179,"column":0},"end":{"line":179,"column":24}}},"fnMap":{"0":{"name":"(anonymous_0)","decl":{"start":{"line":18,"column":4},"end":{"line":18,"column":5}},"loc":{"start":{"line":18,"column":60},"end":{"line":25,"column":5}},"line":18},"1":{"name":"(anonymous_1)","decl":{"start":{"line":38,"column":4},"end":{"line":38,"column":5}},"loc":{"start":{"line":38,"column":15},"end":{"line":51,"column":5}},"line":38},"2":{"name":"(anonymous_2)","decl":{"start":{"line":43,"column":68},"end":{"line":43,"column":69}},"loc":{"start":{"line":43,"column":76},"end":{"line":43,"column":98}},"line":43},"3":{"name":"(anonymous_3)","decl":{"start":{"line":60,"column":4},"end":{"line":60,"column":5}},"loc":{"start":{"line":60,"column":30},"end":{"line":77,"column":5}},"line":60},"4":{"name":"(anonymous_4)","decl":{"start":{"line":86,"column":4},"end":{"line":86,"column":5}},"loc":{"start":{"line":86,"column":26},"end":{"line":88,"column":5}},"line":86},"5":{"name":"(anonymous_5)","decl":{"start":{"line":101,"column":4},"end":{"line":101,"column":5}},"loc":{"start":{"line":101,"column":22},"end":{"line":109,"column":5}},"line":101},"6":{"name":"(anonymous_6)","decl":{"start":{"line":118,"column":4},"end":{"line":118,"column":5}},"loc":{"start":{"line":118,"column":35},"end":{"line":125,"column":5}},"line":118},"7":{"name":"(anonymous_7)","decl":{"start":{"line":134,"column":4},"end":{"line":134,"column":5}},"loc":{"start":{"line":134,"column":40},"end":{"line":141,"column":5}},"line":134},"8":{"name":"(anonymous_8)","decl":{"start":{"line":150,"column":4},"end":{"line":150,"column":5}},"loc":{"start":{"line":150,"column":37},"end":{"line":157,"column":5}},"line":150},"9":{"name":"(anonymous_9)","decl":{"start":{"line":167,"column":4},"end":{"line":167,"column":5}},"loc":{"start":{"line":167,"column":55},"end":{"line":174,"column":5}},"line":167}},"branchMap":{"0":{"loc":{"start":{"line":18,"column":16},"end":{"line":18,"column":58}},"type":"default-arg","locations":[{"start":{"line":18,"column":26},"end":{"line":18,"column":58}}],"line":18},"1":{"loc":{"start":{"line":63,"column":8},"end":{"line":66,"column":9}},"type":"if","locations":[{"start":{"line":63,"column":8},"end":{"line":66,"column":9}},{"start":{"line":63,"column":8},"end":{"line":66,"column":9}}],"line":63},"2":{"loc":{"start":{"line":69,"column":8},"end":{"line":72,"column":9}},"type":"if","locations":[{"start":{"line":69,"column":8},"end":{"line":72,"column":9}},{"start":{"line":69,"column":8},"end":{"line":72,"column":9}}],"line":69},"3":{"loc":{"start":{"line":103,"column":8},"end":{"line":106,"column":9}},"type":"if","locations":[{"start":{"line":103,"column":8},"end":{"line":106,"column":9}},{"start":{"line":103,"column":8},"end":{"line":106,"column":9}}],"line":103},"4":{"loc":{"start":{"line":118,"column":15},"end":{"line":118,"column":33}},"type":"default-arg","locations":[{"start":{"line":118,"column":26},"end":{"line":118,"column":33}}],"line":118},"5":{"loc":{"start":{"line":134,"column":20},"end":{"line":134,"column":38}},"type":"default-arg","locations":[{"start":{"line":134,"column":31},"end":{"line":134,"column":38}}],"line":134},"6":{"loc":{"start":{"line":150,"column":16},"end":{"line":150,"column":35}},"type":"default-arg","locations":[{"start":{"line":150,"column":27},"end":{"line":150,"column":35}}],"line":150},"7":{"loc":{"start":{"line":167,"column":34},"end":{"line":167,"column":53}},"type":"default-arg","locations":[{"start":{"line":167,"column":51},"end":{"line":167,"column":53}}],"line":167},"8":{"loc":{"start":{"line":171,"column":8},"end":{"line":173,"column":9}},"type":"if","locations":[{"start":{"line":171,"column":8},"end":{"line":173,"column":9}},{"start":{"line":171,"column":8},"end":{"line":173,"column":9}}],"line":171}},"s":{"0":6,"1":6,"2":6,"3":12,"4":12,"5":12,"6":12,"7":12,"8":11,"9":11,"10":33,"11":11,"12":33,"13":33,"14":11,"15":50,"16":50,"17":50,"18":4,"19":50,"20":50,"21":50,"22":17,"23":5,"24":17,"25":13,"26":13,"27":13,"28":13,"29":13,"30":13,"31":39,"32":39,"33":24,"34":6},"f":{"0":12,"1":11,"2":33,"3":50,"4":0,"5":17,"6":13,"7":13,"8":13,"9":39},"b":{"0":[12],"1":[50,0],"2":[4,46],"3":[5,12],"4":[13],"5":[13],"6":[13],"7":[0],"8":[24,15]},"_coverageSchema":"1a1c01bbd47fc00a2c39e90264f33305004495a9","hash":"aa66ec595b7bcbf930e978edb3df6812f420beca"}
,"/home/exleonem/Desktop/projects/queueMe/core/formatter.js": {"path":"/home/exleonem/Desktop/projects/queueMe/core/formatter.js","statementMap":{"0":{"start":{"line":25,"column":8},"end":{"line":27,"column":9}},"1":{"start":{"line":26,"column":12},"end":{"line":26,"column":100}},"2":{"start":{"line":30,"column":28},"end":{"line":30,"column":108}},"3":{"start":{"line":30,"column":85},"end":{"line":30,"column":107}},"4":{"start":{"line":31,"column":22},"end":{"line":31,"column":26}},"5":{"start":{"line":32,"column":9},"end":{"line":35,"column":10}},"6":{"start":{"line":33,"column":13},"end":{"line":33,"column":93}},"7":{"start":{"line":37,"column":9},"end":{"line":37,"column":23}},"8":{"start":{"line":44,"column":0},"end":{"line":44,"column":27}}},"fnMap":{"0":{"name":"(anonymous_0)","decl":{"start":{"line":22,"column":4},"end":{"line":22,"column":5}},"loc":{"start":{"line":22,"column":24},"end":{"line":38,"column":5}},"line":22},"1":{"name":"(anonymous_1)","decl":{"start":{"line":30,"column":71},"end":{"line":30,"column":72}},"loc":{"start":{"line":30,"column":85},"end":{"line":30,"column":107}},"line":30}},"branchMap":{"0":{"loc":{"start":{"line":25,"column":8},"end":{"line":27,"column":9}},"type":"if","locations":[{"start":{"line":25,"column":8},"end":{"line":27,"column":9}},{"start":{"line":25,"column":8},"end":{"line":27,"column":9}}],"line":25}},"s":{"0":40,"1":0,"2":40,"3":44,"4":40,"5":40,"6":44,"7":40,"8":4},"f":{"0":40,"1":44},"b":{"0":[0,40]},"_coverageSchema":"1a1c01bbd47fc00a2c39e90264f33305004495a9","hash":"b46701c20fe1d1fe9f3ca66cd16b9f5333bf06f1"}
,"/home/exleonem/Desktop/projects/queueMe/core/messageMock.js": {"path":"/home/exleonem/Desktop/projects/queueMe/core/messageMock.js","statementMap":{"0":{"start":{"line":18,"column":8},"end":{"line":18,"column":28}},"1":{"start":{"line":19,"column":8},"end":{"line":19,"column":23}},"2":{"start":{"line":20,"column":8},"end":{"line":20,"column":26}},"3":{"start":{"line":21,"column":8},"end":{"line":21,"column":26}},"4":{"start":{"line":22,"column":8},"end":{"line":22,"column":32}},"5":{"start":{"line":23,"column":8},"end":{"line":23,"column":24}},"6":{"start":{"line":34,"column":22},"end":{"line":34,"column":30}},"7":{"start":{"line":35,"column":8},"end":{"line":38,"column":9}},"8":{"start":{"line":36,"column":12},"end":{"line":36,"column":31}},"9":{"start":{"line":37,"column":12},"end":{"line":37,"column":38}},"10":{"start":{"line":39,"column":8},"end":{"line":39,"column":42}},"11":{"start":{"line":42,"column":8},"end":{"line":42,"column":43}},"12":{"start":{"line":43,"column":8},"end":{"line":45,"column":9}},"13":{"start":{"line":44,"column":12},"end":{"line":44,"column":48}},"14":{"start":{"line":46,"column":8},"end":{"line":46,"column":31}},"15":{"start":{"line":47,"column":8},"end":{"line":47,"column":31}},"16":{"start":{"line":50,"column":8},"end":{"line":50,"column":47}},"17":{"start":{"line":52,"column":8},"end":{"line":52,"column":28}},"18":{"start":{"line":65,"column":8},"end":{"line":65,"column":29}},"19":{"start":{"line":66,"column":8},"end":{"line":66,"column":31}},"20":{"start":{"line":67,"column":8},"end":{"line":67,"column":42}},"21":{"start":{"line":68,"column":8},"end":{"line":68,"column":56}},"22":{"start":{"line":70,"column":8},"end":{"line":70,"column":20}},"23":{"start":{"line":87,"column":8},"end":{"line":87,"column":35}},"24":{"start":{"line":89,"column":8},"end":{"line":93,"column":9}},"25":{"start":{"line":91,"column":27},"end":{"line":91,"column":84}},"26":{"start":{"line":92,"column":12},"end":{"line":92,"column":69}},"27":{"start":{"line":95,"column":8},"end":{"line":95,"column":20}},"28":{"start":{"line":113,"column":8},"end":{"line":122,"column":11}},"29":{"start":{"line":120,"column":16},"end":{"line":120,"column":31}},"30":{"start":{"line":124,"column":8},"end":{"line":124,"column":20}},"31":{"start":{"line":137,"column":8},"end":{"line":137,"column":36}},"32":{"start":{"line":138,"column":8},"end":{"line":138,"column":36}},"33":{"start":{"line":139,"column":8},"end":{"line":139,"column":54}},"34":{"start":{"line":140,"column":8},"end":{"line":142,"column":9}},"35":{"start":{"line":141,"column":12},"end":{"line":141,"column":27}},"36":{"start":{"line":144,"column":8},"end":{"line":144,"column":20}},"37":{"start":{"line":154,"column":8},"end":{"line":154,"column":31}},"38":{"start":{"line":155,"column":8},"end":{"line":155,"column":20}},"39":{"start":{"line":171,"column":8},"end":{"line":173,"column":9}},"40":{"start":{"line":172,"column":12},"end":{"line":172,"column":46}},"41":{"start":{"line":184,"column":23},"end":{"line":184,"column":25}},"42":{"start":{"line":186,"column":8},"end":{"line":196,"column":9}},"43":{"start":{"line":187,"column":12},"end":{"line":195,"column":15}},"44":{"start":{"line":193,"column":20},"end":{"line":193,"column":35}},"45":{"start":{"line":198,"column":8},"end":{"line":198,"column":24}},"46":{"start":{"line":208,"column":8},"end":{"line":208,"column":40}},"47":{"start":{"line":209,"column":23},"end":{"line":209,"column":41}},"48":{"start":{"line":210,"column":8},"end":{"line":218,"column":9}},"49":{"start":{"line":212,"column":12},"end":{"line":217,"column":13}},"50":{"start":{"line":214,"column":16},"end":{"line":216,"column":17}},"51":{"start":{"line":215,"column":20},"end":{"line":215,"column":35}},"52":{"start":{"line":228,"column":8},"end":{"line":228,"column":40}},"53":{"start":{"line":229,"column":23},"end":{"line":229,"column":41}},"54":{"start":{"line":230,"column":8},"end":{"line":237,"column":9}},"55":{"start":{"line":232,"column":12},"end":{"line":234,"column":13}},"56":{"start":{"line":233,"column":16},"end":{"line":233,"column":34}},"57":{"start":{"line":236,"column":12},"end":{"line":236,"column":28}},"58":{"start":{"line":244,"column":0},"end":{"line":244,"column":29}}},"fnMap":{"0":{"name":"(anonymous_0)","decl":{"start":{"line":17,"column":4},"end":{"line":17,"column":5}},"loc":{"start":{"line":17,"column":18},"end":{"line":24,"column":5}},"line":17},"1":{"name":"(anonymous_1)","decl":{"start":{"line":31,"column":4},"end":{"line":31,"column":5}},"loc":{"start":{"line":31,"column":13},"end":{"line":53,"column":5}},"line":31},"2":{"name":"(anonymous_2)","decl":{"start":{"line":63,"column":4},"end":{"line":63,"column":5}},"loc":{"start":{"line":63,"column":37},"end":{"line":71,"column":5}},"line":63},"3":{"name":"(anonymous_3)","decl":{"start":{"line":86,"column":4},"end":{"line":86,"column":5}},"loc":{"start":{"line":86,"column":67},"end":{"line":96,"column":5}},"line":86},"4":{"name":"(anonymous_4)","decl":{"start":{"line":111,"column":4},"end":{"line":111,"column":5}},"loc":{"start":{"line":111,"column":55},"end":{"line":125,"column":5}},"line":111},"5":{"name":"(anonymous_5)","decl":{"start":{"line":119,"column":20},"end":{"line":119,"column":21}},"loc":{"start":{"line":119,"column":38},"end":{"line":121,"column":13}},"line":119},"6":{"name":"(anonymous_6)","decl":{"start":{"line":135,"column":4},"end":{"line":135,"column":5}},"loc":{"start":{"line":135,"column":47},"end":{"line":145,"column":5}},"line":135},"7":{"name":"(anonymous_7)","decl":{"start":{"line":140,"column":31},"end":{"line":140,"column":32}},"loc":{"start":{"line":140,"column":49},"end":{"line":142,"column":9}},"line":140},"8":{"name":"(anonymous_8)","decl":{"start":{"line":153,"column":4},"end":{"line":153,"column":5}},"loc":{"start":{"line":153,"column":31},"end":{"line":157,"column":5}},"line":153},"9":{"name":"(anonymous_9)","decl":{"start":{"line":170,"column":4},"end":{"line":170,"column":5}},"loc":{"start":{"line":170,"column":31},"end":{"line":174,"column":5}},"line":170},"10":{"name":"(anonymous_10)","decl":{"start":{"line":182,"column":4},"end":{"line":182,"column":5}},"loc":{"start":{"line":182,"column":57},"end":{"line":199,"column":5}},"line":182},"11":{"name":"(anonymous_11)","decl":{"start":{"line":192,"column":24},"end":{"line":192,"column":25}},"loc":{"start":{"line":192,"column":42},"end":{"line":194,"column":17}},"line":192},"12":{"name":"(anonymous_12)","decl":{"start":{"line":206,"column":4},"end":{"line":206,"column":5}},"loc":{"start":{"line":206,"column":22},"end":{"line":219,"column":5}},"line":206},"13":{"name":"(anonymous_13)","decl":{"start":{"line":210,"column":44},"end":{"line":210,"column":45}},"loc":{"start":{"line":210,"column":56},"end":{"line":218,"column":9}},"line":210},"14":{"name":"(anonymous_14)","decl":{"start":{"line":226,"column":4},"end":{"line":226,"column":5}},"loc":{"start":{"line":226,"column":22},"end":{"line":238,"column":5}},"line":226},"15":{"name":"(anonymous_15)","decl":{"start":{"line":230,"column":44},"end":{"line":230,"column":45}},"loc":{"start":{"line":230,"column":56},"end":{"line":237,"column":9}},"line":230}},"branchMap":{"0":{"loc":{"start":{"line":35,"column":8},"end":{"line":38,"column":9}},"type":"if","locations":[{"start":{"line":35,"column":8},"end":{"line":38,"column":9}},{"start":{"line":35,"column":8},"end":{"line":38,"column":9}}],"line":35},"1":{"loc":{"start":{"line":43,"column":8},"end":{"line":45,"column":9}},"type":"if","locations":[{"start":{"line":43,"column":8},"end":{"line":45,"column":9}},{"start":{"line":43,"column":8},"end":{"line":45,"column":9}}],"line":43},"2":{"loc":{"start":{"line":86,"column":22},"end":{"line":86,"column":41}},"type":"default-arg","locations":[{"start":{"line":86,"column":37},"end":{"line":86,"column":41}}],"line":86},"3":{"loc":{"start":{"line":86,"column":43},"end":{"line":86,"column":65}},"type":"default-arg","locations":[{"start":{"line":86,"column":61},"end":{"line":86,"column":65}}],"line":86},"4":{"loc":{"start":{"line":89,"column":8},"end":{"line":93,"column":9}},"type":"if","locations":[{"start":{"line":89,"column":8},"end":{"line":93,"column":9}},{"start":{"line":89,"column":8},"end":{"line":93,"column":9}}],"line":89},"5":{"loc":{"start":{"line":89,"column":12},"end":{"line":89,"column":43}},"type":"binary-expr","locations":[{"start":{"line":89,"column":12},"end":{"line":89,"column":24}},{"start":{"line":89,"column":28},"end":{"line":89,"column":43}}],"line":89},"6":{"loc":{"start":{"line":111,"column":40},"end":{"line":111,"column":53}},"type":"default-arg","locations":[{"start":{"line":111,"column":47},"end":{"line":111,"column":53}}],"line":111},"7":{"loc":{"start":{"line":135,"column":21},"end":{"line":135,"column":45}},"type":"default-arg","locations":[{"start":{"line":135,"column":36},"end":{"line":135,"column":45}}],"line":135},"8":{"loc":{"start":{"line":153,"column":14},"end":{"line":153,"column":29}},"type":"default-arg","locations":[{"start":{"line":153,"column":25},"end":{"line":153,"column":29}}],"line":153},"9":{"loc":{"start":{"line":171,"column":8},"end":{"line":173,"column":9}},"type":"if","locations":[{"start":{"line":171,"column":8},"end":{"line":173,"column":9}},{"start":{"line":171,"column":8},"end":{"line":173,"column":9}}],"line":171},"10":{"loc":{"start":{"line":214,"column":16},"end":{"line":216,"column":17}},"type":"if","locations":[{"start":{"line":214,"column":16},"end":{"line":216,"column":17}},{"start":{"line":214,"column":16},"end":{"line":216,"column":17}}],"line":214}},"s":{"0":18,"1":18,"2":18,"3":18,"4":18,"5":18,"6":18,"7":18,"8":3,"9":3,"10":18,"11":18,"12":18,"13":18,"14":18,"15":18,"16":18,"17":18,"18":12,"19":12,"20":12,"21":12,"22":12,"23":11,"24":11,"25":3,"26":3,"27":11,"28":17,"29":0,"30":17,"31":17,"32":17,"33":17,"34":17,"35":17,"36":17,"37":7,"38":7,"39":36,"40":18,"41":3,"42":3,"43":7,"44":0,"45":3,"46":18,"47":18,"48":18,"49":0,"50":0,"51":0,"52":18,"53":18,"54":18,"55":5,"56":9,"57":5,"58":5},"f":{"0":18,"1":18,"2":12,"3":11,"4":17,"5":0,"6":17,"7":17,"8":7,"9":36,"10":3,"11":0,"12":18,"13":0,"14":18,"15":5},"b":{"0":[3,15],"1":[18,0],"2":[4],"3":[8],"4":[3,8],"5":[11,7],"6":[17],"7":[3],"8":[3],"9":[18,18],"10":[0,0]},"_coverageSchema":"1a1c01bbd47fc00a2c39e90264f33305004495a9","hash":"eb8f17304d2ec6c70c70b23677fec5dd3896a6fa"}
,"/home/exleonem/Desktop/projects/queueMe/core/storage.js": {"path":"/home/exleonem/Desktop/projects/queueMe/core/storage.js","statementMap":{"0":{"start":{"line":1,"column":15},"end":{"line":1,"column":32}},"1":{"start":{"line":18,"column":8},"end":{"line":18,"column":29}},"2":{"start":{"line":19,"column":8},"end":{"line":19,"column":39}},"3":{"start":{"line":20,"column":8},"end":{"line":20,"column":50}},"4":{"start":{"line":29,"column":8},"end":{"line":31,"column":9}},"5":{"start":{"line":30,"column":12},"end":{"line":30,"column":42}},"6":{"start":{"line":33,"column":8},"end":{"line":33,"column":29}},"7":{"start":{"line":53,"column":8},"end":{"line":55,"column":9}},"8":{"start":{"line":54,"column":12},"end":{"line":54,"column":64}},"9":{"start":{"line":57,"column":22},"end":{"line":57,"column":63}},"10":{"start":{"line":57,"column":52},"end":{"line":57,"column":62}},"11":{"start":{"line":58,"column":8},"end":{"line":61,"column":9}},"12":{"start":{"line":59,"column":12},"end":{"line":59,"column":25}},"13":{"start":{"line":63,"column":22},"end":{"line":63,"column":37}},"14":{"start":{"line":64,"column":26},"end":{"line":64,"column":47}},"15":{"start":{"line":67,"column":8},"end":{"line":72,"column":9}},"16":{"start":{"line":68,"column":12},"end":{"line":68,"column":42}},"17":{"start":{"line":69,"column":12},"end":{"line":69,"column":54}},"18":{"start":{"line":70,"column":12},"end":{"line":70,"column":24}},"19":{"start":{"line":75,"column":21},"end":{"line":75,"column":32}},"20":{"start":{"line":76,"column":8},"end":{"line":92,"column":9}},"21":{"start":{"line":76,"column":21},"end":{"line":76,"column":22}},"22":{"start":{"line":79,"column":12},"end":{"line":82,"column":13}},"23":{"start":{"line":80,"column":16},"end":{"line":80,"column":40}},"24":{"start":{"line":85,"column":12},"end":{"line":89,"column":13}},"25":{"start":{"line":86,"column":16},"end":{"line":86,"column":43}},"26":{"start":{"line":87,"column":16},"end":{"line":87,"column":22}},"27":{"start":{"line":91,"column":12},"end":{"line":91,"column":48}},"28":{"start":{"line":94,"column":8},"end":{"line":94,"column":44}},"29":{"start":{"line":95,"column":8},"end":{"line":95,"column":56}},"30":{"start":{"line":96,"column":8},"end":{"line":96,"column":20}},"31":{"start":{"line":115,"column":8},"end":{"line":117,"column":9}},"32":{"start":{"line":116,"column":12},"end":{"line":116,"column":64}},"33":{"start":{"line":119,"column":22},"end":{"line":119,"column":63}},"34":{"start":{"line":119,"column":52},"end":{"line":119,"column":62}},"35":{"start":{"line":120,"column":8},"end":{"line":122,"column":9}},"36":{"start":{"line":121,"column":12},"end":{"line":121,"column":24}},"37":{"start":{"line":125,"column":21},"end":{"line":125,"column":33}},"38":{"start":{"line":126,"column":8},"end":{"line":133,"column":9}},"39":{"start":{"line":126,"column":21},"end":{"line":126,"column":22}},"40":{"start":{"line":128,"column":12},"end":{"line":130,"column":13}},"41":{"start":{"line":129,"column":16},"end":{"line":129,"column":28}},"42":{"start":{"line":132,"column":12},"end":{"line":132,"column":40}},"43":{"start":{"line":135,"column":8},"end":{"line":135,"column":22}},"44":{"start":{"line":141,"column":0},"end":{"line":141,"column":25}}},"fnMap":{"0":{"name":"(anonymous_0)","decl":{"start":{"line":17,"column":4},"end":{"line":17,"column":5}},"loc":{"start":{"line":17,"column":18},"end":{"line":21,"column":5}},"line":17},"1":{"name":"(anonymous_1)","decl":{"start":{"line":27,"column":4},"end":{"line":27,"column":5}},"loc":{"start":{"line":27,"column":25},"end":{"line":34,"column":5}},"line":27},"2":{"name":"(anonymous_2)","decl":{"start":{"line":50,"column":4},"end":{"line":50,"column":5}},"loc":{"start":{"line":50,"column":20},"end":{"line":97,"column":5}},"line":50},"3":{"name":"(anonymous_3)","decl":{"start":{"line":57,"column":44},"end":{"line":57,"column":45}},"loc":{"start":{"line":57,"column":52},"end":{"line":57,"column":62}},"line":57},"4":{"name":"(anonymous_4)","decl":{"start":{"line":112,"column":4},"end":{"line":112,"column":5}},"loc":{"start":{"line":112,"column":13},"end":{"line":136,"column":5}},"line":112},"5":{"name":"(anonymous_5)","decl":{"start":{"line":119,"column":44},"end":{"line":119,"column":45}},"loc":{"start":{"line":119,"column":52},"end":{"line":119,"column":62}},"line":119}},"branchMap":{"0":{"loc":{"start":{"line":29,"column":8},"end":{"line":31,"column":9}},"type":"if","locations":[{"start":{"line":29,"column":8},"end":{"line":31,"column":9}},{"start":{"line":29,"column":8},"end":{"line":31,"column":9}}],"line":29},"1":{"loc":{"start":{"line":53,"column":8},"end":{"line":55,"column":9}},"type":"if","locations":[{"start":{"line":53,"column":8},"end":{"line":55,"column":9}},{"start":{"line":53,"column":8},"end":{"line":55,"column":9}}],"line":53},"2":{"loc":{"start":{"line":53,"column":12},"end":{"line":53,"column":63}},"type":"binary-expr","locations":[{"start":{"line":53,"column":12},"end":{"line":53,"column":36}},{"start":{"line":53,"column":40},"end":{"line":53,"column":63}}],"line":53},"3":{"loc":{"start":{"line":58,"column":8},"end":{"line":61,"column":9}},"type":"if","locations":[{"start":{"line":58,"column":8},"end":{"line":61,"column":9}},{"start":{"line":58,"column":8},"end":{"line":61,"column":9}}],"line":58},"4":{"loc":{"start":{"line":67,"column":8},"end":{"line":72,"column":9}},"type":"if","locations":[{"start":{"line":67,"column":8},"end":{"line":72,"column":9}},{"start":{"line":67,"column":8},"end":{"line":72,"column":9}}],"line":67},"5":{"loc":{"start":{"line":79,"column":12},"end":{"line":82,"column":13}},"type":"if","locations":[{"start":{"line":79,"column":12},"end":{"line":82,"column":13}},{"start":{"line":79,"column":12},"end":{"line":82,"column":13}}],"line":79},"6":{"loc":{"start":{"line":79,"column":16},"end":{"line":79,"column":73}},"type":"binary-expr","locations":[{"start":{"line":79,"column":16},"end":{"line":79,"column":37}},{"start":{"line":79,"column":41},"end":{"line":79,"column":73}}],"line":79},"7":{"loc":{"start":{"line":85,"column":12},"end":{"line":89,"column":13}},"type":"if","locations":[{"start":{"line":85,"column":12},"end":{"line":89,"column":13}},{"start":{"line":85,"column":12},"end":{"line":89,"column":13}}],"line":85},"8":{"loc":{"start":{"line":91,"column":21},"end":{"line":91,"column":47}},"type":"binary-expr","locations":[{"start":{"line":91,"column":21},"end":{"line":91,"column":39}},{"start":{"line":91,"column":43},"end":{"line":91,"column":47}}],"line":91},"9":{"loc":{"start":{"line":115,"column":8},"end":{"line":117,"column":9}},"type":"if","locations":[{"start":{"line":115,"column":8},"end":{"line":117,"column":9}},{"start":{"line":115,"column":8},"end":{"line":117,"column":9}}],"line":115},"10":{"loc":{"start":{"line":115,"column":12},"end":{"line":115,"column":65}},"type":"binary-expr","locations":[{"start":{"line":115,"column":12},"end":{"line":115,"column":38}},{"start":{"line":115,"column":42},"end":{"line":115,"column":65}}],"line":115},"11":{"loc":{"start":{"line":120,"column":8},"end":{"line":122,"column":9}},"type":"if","locations":[{"start":{"line":120,"column":8},"end":{"line":122,"column":9}},{"start":{"line":120,"column":8},"end":{"line":122,"column":9}}],"line":120},"12":{"loc":{"start":{"line":128,"column":12},"end":{"line":130,"column":13}},"type":"if","locations":[{"start":{"line":128,"column":12},"end":{"line":130,"column":13}},{"start":{"line":128,"column":12},"end":{"line":130,"column":13}}],"line":128}},"s":{"0":5,"1":11,"2":11,"3":11,"4":22,"5":3,"6":22,"7":26,"8":0,"9":26,"10":40,"11":26,"12":1,"13":25,"14":25,"15":25,"16":11,"17":11,"18":11,"19":14,"20":14,"21":14,"22":14,"23":0,"24":14,"25":14,"26":14,"27":0,"28":14,"29":14,"30":14,"31":60,"32":0,"33":60,"34":222,"35":60,"36":0,"37":60,"38":60,"39":60,"40":120,"41":56,"42":64,"43":4,"44":5},"f":{"0":11,"1":22,"2":26,"3":40,"4":60,"5":222},"b":{"0":[3,19],"1":[0,26],"2":[26,26],"3":[1,25],"4":[11,14],"5":[0,14],"6":[14,0],"7":[14,0],"8":[0,0],"9":[0,60],"10":[60,60],"11":[0,60],"12":[56,64]},"_coverageSchema":"1a1c01bbd47fc00a2c39e90264f33305004495a9","hash":"c2e73f5aaf9c3e5c31ae2945760dde3bac412252"}
,"/home/exleonem/Desktop/projects/queueMe/core/testUtils.js": {"path":"/home/exleonem/Desktop/projects/queueMe/core/testUtils.js","statementMap":{"0":{"start":{"line":1,"column":13},"end":{"line":1,"column":28}},"1":{"start":{"line":2,"column":11},"end":{"line":2,"column":24}},"2":{"start":{"line":3,"column":16},"end":{"line":3,"column":34}},"3":{"start":{"line":6,"column":19},"end":{"line":6,"column":58}},"4":{"start":{"line":13,"column":22},"end":{"line":13,"column":49}},"5":{"start":{"line":14,"column":4},"end":{"line":14,"column":35}},"6":{"start":{"line":25,"column":18},"end":{"line":25,"column":40}},"7":{"start":{"line":26,"column":4},"end":{"line":26,"column":42}},"8":{"start":{"line":35,"column":19},"end":{"line":35,"column":51}},"9":{"start":{"line":37,"column":4},"end":{"line":40,"column":5}},"10":{"start":{"line":38,"column":8},"end":{"line":38,"column":15}},"11":{"start":{"line":42,"column":21},"end":{"line":42,"column":70}},"12":{"start":{"line":43,"column":4},"end":{"line":52,"column":7}},"13":{"start":{"line":45,"column":23},"end":{"line":45,"column":56}},"14":{"start":{"line":48,"column":8},"end":{"line":51,"column":9}},"15":{"start":{"line":49,"column":12},"end":{"line":49,"column":36}},"16":{"start":{"line":54,"column":4},"end":{"line":54,"column":27}},"17":{"start":{"line":61,"column":0},"end":{"line":65,"column":1}}},"fnMap":{"0":{"name":"getConfig","decl":{"start":{"line":11,"column":9},"end":{"line":11,"column":18}},"loc":{"start":{"line":11,"column":21},"end":{"line":15,"column":1}},"line":11},"1":{"name":"writeConfig","decl":{"start":{"line":23,"column":9},"end":{"line":23,"column":20}},"loc":{"start":{"line":23,"column":29},"end":{"line":27,"column":1}},"line":23},"2":{"name":"cleanupDir","decl":{"start":{"line":33,"column":9},"end":{"line":33,"column":19}},"loc":{"start":{"line":33,"column":22},"end":{"line":55,"column":1}},"line":33},"3":{"name":"(anonymous_3)","decl":{"start":{"line":43,"column":23},"end":{"line":43,"column":24}},"loc":{"start":{"line":43,"column":36},"end":{"line":52,"column":5}},"line":43}},"branchMap":{"0":{"loc":{"start":{"line":37,"column":4},"end":{"line":40,"column":5}},"type":"if","locations":[{"start":{"line":37,"column":4},"end":{"line":40,"column":5}},{"start":{"line":37,"column":4},"end":{"line":40,"column":5}}],"line":37},"1":{"loc":{"start":{"line":48,"column":8},"end":{"line":51,"column":9}},"type":"if","locations":[{"start":{"line":48,"column":8},"end":{"line":51,"column":9}},{"start":{"line":48,"column":8},"end":{"line":51,"column":9}}],"line":48}},"s":{"0":3,"1":3,"2":3,"3":3,"4":1,"5":1,"6":2,"7":2,"8":6,"9":6,"10":0,"11":6,"12":6,"13":7,"14":7,"15":7,"16":6,"17":3},"f":{"0":1,"1":2,"2":6,"3":7},"b":{"0":[0,6],"1":[7,0]},"_coverageSchema":"1a1c01bbd47fc00a2c39e90264f33305004495a9","hash":"c7ebcfb5a284ecb74587c4b02f9401809da831c8"}
}
