TN:
SF:commands/cancel.js
FN:20,(anonymous_0)
FN:25,(anonymous_1)
FN:42,(anonymous_2)
FNF:3
FNH:3
FNDA:1,(anonymous_0)
FNDA:2,(anonymous_1)
FNDA:1,(anonymous_2)
DA:1,1
DA:2,1
DA:21,1
DA:28,2
DA:29,2
DA:30,0
DA:34,2
DA:35,0
DA:38,2
DA:39,2
DA:41,2
DA:42,2
DA:45,2
DA:46,2
DA:48,1
DA:49,1
DA:52,2
DA:57,1
LF:18
LH:16
BRDA:29,0,0,0
BRDA:29,0,1,2
BRDA:34,1,0,0
BRDA:34,1,1,2
BRDA:39,2,0,2
BRDA:39,2,1,0
BRDA:41,3,0,2
BRDA:41,3,1,0
BRDA:46,4,0,1
BRDA:46,4,1,1
BRF:10
BRH:6
end_of_record
TN:
SF:commands/enqueue.js
FN:20,(anonymous_0)
FN:32,(anonymous_1)
FN:76,(anonymous_2)
FN:100,(anonymous_3)
FNF:4
FNH:4
FNDA:2,(anonymous_0)
FNDA:11,(anonymous_1)
FNDA:6,(anonymous_2)
FNDA:6,(anonymous_3)
DA:1,2
DA:2,2
DA:21,2
DA:35,11
DA:36,11
DA:37,1
DA:41,10
DA:42,4
DA:45,6
DA:53,6
DA:54,6
DA:55,6
DA:56,6
DA:57,6
DA:59,5
DA:60,5
DA:61,5
DA:65,6
DA:78,6
DA:79,6
DA:80,6
DA:82,5
DA:86,5
DA:89,6
DA:103,6
DA:104,6
DA:106,1
DA:107,1
DA:108,1
DA:113,6
DA:119,2
LF:31
LH:31
BRDA:36,0,0,1
BRDA:36,0,1,10
BRDA:41,1,0,4
BRDA:41,1,1,6
BRDA:57,2,0,5
BRDA:57,2,1,1
BRDA:80,3,0,5
BRDA:80,3,1,1
BRDA:80,4,0,6
BRDA:80,4,1,1
BRDA:106,5,0,1
BRDA:106,5,1,0
BRF:12
BRH:11
end_of_record
TN:
SF:commands/help.js
FN:21,(anonymous_0)
FN:27,(anonymous_1)
FN:56,(anonymous_2)
FN:89,(anonymous_3)
FN:94,(anonymous_4)
FN:105,(anonymous_5)
FNF:6
FNH:6
FNDA:1,(anonymous_0)
FNDA:4,(anonymous_1)
FNDA:4,(anonymous_2)
FNDA:2,(anonymous_3)
FNDA:16,(anonymous_4)
FNDA:6,(anonymous_5)
DA:1,1
DA:2,1
DA:3,1
DA:22,1
DA:30,4
DA:31,4
DA:32,0
DA:35,4
DA:36,4
DA:38,4
DA:39,3
DA:40,3
DA:44,1
DA:45,1
DA:58,4
DA:59,4
DA:62,4
DA:63,2
DA:67,4
DA:68,1
DA:70,1
DA:71,1
DA:74,0
DA:79,4
DA:91,2
DA:94,16
DA:95,2
DA:107,6
DA:108,6
DA:109,6
DA:110,54
DA:112,54
DA:113,48
DA:114,48
DA:118,6
DA:125,1
LF:36
LH:34
BRDA:31,0,0,0
BRDA:31,0,1,4
BRDA:38,1,0,3
BRDA:38,1,1,1
BRDA:40,2,0,0
BRDA:40,2,1,3
BRDA:45,3,0,0
BRDA:45,3,1,1
BRDA:62,4,0,2
BRDA:62,4,1,2
BRDA:67,5,0,1
BRDA:67,5,1,3
BRDA:67,6,0,4
BRDA:67,6,1,2
BRDA:112,7,0,48
BRDA:112,7,1,6
BRDA:112,8,0,54
BRDA:112,8,1,48
BRF:18
BRH:15
end_of_record
TN:
SF:commands/list.js
FN:19,(anonymous_0)
FN:25,(anonymous_1)
FN:76,(anonymous_2)
FNF:3
FNH:0
FNDA:0,(anonymous_0)
FNDA:0,(anonymous_1)
FNDA:0,(anonymous_2)
DA:1,1
DA:2,1
DA:20,0
DA:28,0
DA:29,0
DA:30,0
DA:34,0
DA:35,0
DA:39,0
DA:40,0
DA:44,0
DA:45,0
DA:48,0
DA:49,0
DA:53,0
DA:54,0
DA:56,0
DA:57,0
DA:59,0
DA:63,0
DA:64,0
DA:68,0
DA:69,0
DA:72,0
DA:78,0
DA:79,0
DA:82,0
DA:83,0
DA:87,0
DA:93,1
LF:30
LH:3
BRDA:29,0,0,0
BRDA:29,0,1,0
BRDA:34,1,0,0
BRDA:34,1,1,0
BRDA:39,2,0,0
BRDA:39,2,1,0
BRDA:39,3,0,0
BRDA:39,3,1,0
BRDA:44,4,0,0
BRDA:44,4,1,0
BRDA:45,5,0,0
BRDA:45,5,1,0
BRDA:48,6,0,0
BRDA:48,6,1,0
BRDA:56,7,0,0
BRDA:56,7,1,0
BRDA:63,8,0,0
BRDA:63,8,1,0
BRDA:68,9,0,0
BRDA:68,9,1,0
BRDA:78,10,0,0
BRDA:78,10,1,0
BRDA:82,11,0,0
BRDA:82,11,1,0
BRF:24
BRH:0
end_of_record
TN:
SF:core/command.js
FN:27,(anonymous_0)
FN:43,(anonymous_1)
FN:55,(anonymous_2)
FN:62,(anonymous_3)
FN:81,(anonymous_4)
FN:84,(anonymous_5)
FNF:6
FNH:3
FNDA:4,(anonymous_0)
FNDA:0,(anonymous_1)
FNDA:0,(anonymous_2)
FNDA:0,(anonymous_3)
FNDA:25,(anonymous_4)
FNDA:28,(anonymous_5)
DA:1,4
DA:2,4
DA:3,4
DA:4,4
DA:29,4
DA:30,4
DA:31,4
DA:32,4
DA:33,4
DA:46,0
DA:57,0
DA:59,0
DA:63,0
DA:83,25
DA:84,28
DA:85,25
DA:91,4
LF:17
LH:13
BRDA:27,0,0,1
BRDA:29,1,0,4
BRDA:29,1,1,0
BRDA:30,2,0,4
BRDA:30,2,1,0
BRDA:32,3,0,4
BRDA:32,3,1,0
BRF:7
BRH:4
end_of_record
TN:
SF:core/communication.js
FN:24,(anonymous_0)
FN:43,(anonymous_1)
FN:69,(anonymous_2)
FN:101,(anonymous_3)
FN:149,(anonymous_4)
FN:152,(anonymous_5)
FN:166,(anonymous_6)
FN:179,(anonymous_7)
FN:222,(anonymous_8)
FN:232,(anonymous_9)
FN:269,(anonymous_10)
FN:275,(anonymous_11)
FN:281,(anonymous_12)
FN:296,(anonymous_13)
FN:306,(anonymous_14)
FN:316,(anonymous_15)
FN:325,(anonymous_16)
FN:333,(anonymous_17)
FN:342,(anonymous_18)
FN:386,(anonymous_19)
FN:394,(anonymous_20)
FN:402,(anonymous_21)
FNF:22
FNH:20
FNDA:17,(anonymous_0)
FNDA:16,(anonymous_1)
FNDA:23,(anonymous_2)
FNDA:27,(anonymous_3)
FNDA:5,(anonymous_4)
FNDA:5,(anonymous_5)
FNDA:21,(anonymous_6)
FNDA:4,(anonymous_7)
FNDA:4,(anonymous_8)
FNDA:9,(anonymous_9)
FNDA:50,(anonymous_10)
FNDA:50,(anonymous_11)
FNDA:0,(anonymous_12)
FNDA:9,(anonymous_13)
FNDA:18,(anonymous_14)
FNDA:18,(anonymous_15)
FNDA:4,(anonymous_16)
FNDA:0,(anonymous_17)
FNDA:17,(anonymous_18)
FNDA:17,(anonymous_19)
FNDA:17,(anonymous_20)
FNDA:17,(anonymous_21)
DA:1,4
DA:2,4
DA:3,4
DA:4,4
DA:25,17
DA:26,17
DA:27,17
DA:28,17
DA:45,16
DA:46,16
DA:48,16
DA:51,16
DA:52,0
DA:57,16
DA:71,23
DA:73,23
DA:74,23
DA:76,0
DA:77,0
DA:79,0
DA:80,0
DA:81,0
DA:85,0
DA:89,23
DA:103,27
DA:104,27
DA:107,27
DA:108,27
DA:110,0
DA:111,0
DA:114,0
DA:115,0
DA:116,0
DA:117,0
DA:121,0
DA:122,0
DA:123,0
DA:124,0
DA:125,0
DA:129,0
DA:132,27
DA:151,5
DA:152,5
DA:153,5
DA:167,21
DA:183,4
DA:184,4
DA:185,0
DA:189,4
DA:190,4
DA:191,1
DA:196,3
DA:197,1
DA:202,2
DA:203,2
DA:204,2
DA:205,1
DA:210,1
DA:224,4
DA:232,4
DA:235,9
DA:236,0
DA:239,9
DA:240,9
DA:243,9
DA:244,3
DA:248,9
DA:249,3
DA:253,9
DA:254,2
DA:259,4
DA:260,4
DA:271,50
DA:277,50
DA:282,0
DA:297,9
DA:307,18
DA:317,18
DA:326,4
DA:334,0
DA:345,17
DA:346,0
DA:349,17
DA:352,17
DA:353,17
DA:354,0
DA:357,17
DA:362,17
DA:363,17
DA:364,0
DA:367,17
DA:372,17
DA:373,17
DA:374,0
DA:377,17
DA:387,17
DA:395,17
DA:403,17
DA:409,4
LF:99
LH:72
BRDA:27,0,0,17
BRDA:27,0,1,0
BRDA:43,1,0,16
BRDA:48,2,0,0
BRDA:48,2,1,16
BRDA:51,3,0,0
BRDA:51,3,1,16
BRDA:57,4,0,16
BRDA:57,4,1,12
BRDA:74,5,0,0
BRDA:74,5,1,23
BRDA:79,6,0,0
BRDA:79,6,1,0
BRDA:89,7,0,23
BRDA:89,7,1,23
BRDA:89,7,2,4
BRDA:101,8,0,2
BRDA:101,9,0,11
BRDA:107,10,0,0
BRDA:107,10,1,27
BRDA:108,11,0,0
BRDA:108,11,1,27
BRDA:115,12,0,0
BRDA:115,12,1,0
BRDA:115,13,0,0
BRDA:115,13,1,0
BRDA:121,14,0,0
BRDA:121,14,1,0
BRDA:122,15,0,0
BRDA:122,15,1,0
BRDA:123,16,0,0
BRDA:123,16,1,0
BRDA:123,17,0,0
BRDA:123,17,1,0
BRDA:123,17,2,0
BRDA:123,17,3,0
BRDA:123,17,4,0
BRDA:132,18,0,27
BRDA:132,18,1,27
BRDA:179,19,0,4
BRDA:184,20,0,0
BRDA:184,20,1,4
BRDA:190,21,0,1
BRDA:190,21,1,3
BRDA:190,22,0,4
BRDA:190,22,1,1
BRDA:190,22,2,1
BRDA:196,23,0,1
BRDA:196,23,1,2
BRDA:196,24,0,3
BRDA:196,24,1,1
BRDA:196,24,2,1
BRDA:204,25,0,1
BRDA:204,25,1,1
BRDA:204,26,0,2
BRDA:204,26,1,1
BRDA:222,27,0,4
BRDA:225,28,0,4
BRDA:225,28,1,0
BRDA:226,29,0,4
BRDA:226,29,1,0
BRDA:235,30,0,0
BRDA:235,30,1,9
BRDA:243,31,0,3
BRDA:243,31,1,6
BRDA:243,32,0,9
BRDA:243,32,1,5
BRDA:248,33,0,3
BRDA:248,33,1,6
BRDA:248,34,0,9
BRDA:248,34,1,5
BRDA:253,35,0,2
BRDA:253,35,1,7
BRDA:253,36,0,9
BRDA:253,36,1,6
BRDA:253,36,2,4
BRDA:271,37,0,50
BRDA:271,37,1,50
BRDA:277,38,0,50
BRDA:277,38,1,50
BRDA:282,39,0,0
BRDA:282,39,1,0
BRDA:297,40,0,8
BRDA:297,40,1,1
BRDA:307,41,0,18
BRDA:307,41,1,0
BRDA:307,42,0,18
BRDA:307,42,1,18
BRDA:317,43,0,18
BRDA:317,43,1,0
BRDA:317,44,0,18
BRDA:317,44,1,18
BRDA:325,45,0,0
BRDA:326,46,0,0
BRDA:326,46,1,4
BRDA:345,47,0,0
BRDA:345,47,1,17
BRDA:353,48,0,0
BRDA:353,48,1,17
BRDA:363,49,0,0
BRDA:363,49,1,17
BRDA:373,50,0,0
BRDA:373,50,1,17
BRDA:387,51,0,17
BRDA:387,51,1,0
BRDA:387,52,0,17
BRDA:387,52,1,17
BRDA:395,53,0,17
BRDA:395,53,1,0
BRDA:395,54,0,17
BRDA:395,54,1,17
BRDA:403,55,0,17
BRDA:403,55,1,0
BRDA:403,56,0,17
BRDA:403,56,1,17
BRF:115
BRH:75
end_of_record
TN:
SF:core/file.js
FN:18,(anonymous_0)
FN:38,(anonymous_1)
FN:43,(anonymous_2)
FN:60,(anonymous_3)
FN:86,(anonymous_4)
FN:101,(anonymous_5)
FN:118,(anonymous_6)
FN:134,(anonymous_7)
FN:150,(anonymous_8)
FN:167,(anonymous_9)
FNF:10
FNH:9
FNDA:12,(anonymous_0)
FNDA:11,(anonymous_1)
FNDA:33,(anonymous_2)
FNDA:50,(anonymous_3)
FNDA:0,(anonymous_4)
FNDA:17,(anonymous_5)
FNDA:13,(anonymous_6)
FNDA:13,(anonymous_7)
FNDA:13,(anonymous_8)
FNDA:39,(anonymous_9)
DA:1,6
DA:2,6
DA:3,6
DA:19,12
DA:21,12
DA:22,12
DA:23,12
DA:24,12
DA:40,11
DA:43,33
DA:44,11
DA:46,33
DA:47,33
DA:50,11
DA:63,50
DA:64,50
DA:69,50
DA:70,4
DA:74,50
DA:75,50
DA:76,50
DA:103,17
DA:104,5
DA:108,17
DA:120,13
DA:124,13
DA:136,13
DA:140,13
DA:152,13
DA:156,13
DA:169,39
DA:171,39
DA:172,24
DA:179,6
LF:34
LH:34
BRDA:18,0,0,12
BRDA:63,1,0,50
BRDA:63,1,1,0
BRDA:69,2,0,4
BRDA:69,2,1,46
BRDA:103,3,0,5
BRDA:103,3,1,12
BRDA:118,4,0,13
BRDA:134,5,0,13
BRDA:150,6,0,13
BRDA:167,7,0,0
BRDA:171,8,0,24
BRDA:171,8,1,15
BRF:13
BRH:11
end_of_record
TN:
SF:core/formatter.js
FN:22,(anonymous_0)
FN:30,(anonymous_1)
FNF:2
FNH:2
FNDA:40,(anonymous_0)
FNDA:44,(anonymous_1)
DA:25,40
DA:26,0
DA:30,44
DA:31,40
DA:32,40
DA:33,44
DA:37,40
DA:44,4
LF:8
LH:7
BRDA:25,0,0,0
BRDA:25,0,1,40
BRF:2
BRH:1
end_of_record
TN:
SF:core/messageMock.js
FN:17,(anonymous_0)
FN:31,(anonymous_1)
FN:63,(anonymous_2)
FN:86,(anonymous_3)
FN:111,(anonymous_4)
FN:119,(anonymous_5)
FN:135,(anonymous_6)
FN:140,(anonymous_7)
FN:153,(anonymous_8)
FN:170,(anonymous_9)
FN:182,(anonymous_10)
FN:192,(anonymous_11)
FN:206,(anonymous_12)
FN:210,(anonymous_13)
FN:226,(anonymous_14)
FN:230,(anonymous_15)
FNF:16
FNH:13
FNDA:18,(anonymous_0)
FNDA:18,(anonymous_1)
FNDA:12,(anonymous_2)
FNDA:11,(anonymous_3)
FNDA:17,(anonymous_4)
FNDA:0,(anonymous_5)
FNDA:17,(anonymous_6)
FNDA:17,(anonymous_7)
FNDA:7,(anonymous_8)
FNDA:36,(anonymous_9)
FNDA:3,(anonymous_10)
FNDA:0,(anonymous_11)
FNDA:18,(anonymous_12)
FNDA:0,(anonymous_13)
FNDA:18,(anonymous_14)
FNDA:5,(anonymous_15)
DA:18,18
DA:19,18
DA:20,18
DA:21,18
DA:22,18
DA:23,18
DA:34,18
DA:35,18
DA:36,3
DA:37,3
DA:39,18
DA:42,18
DA:43,18
DA:44,18
DA:46,18
DA:47,18
DA:50,18
DA:52,18
DA:65,12
DA:66,12
DA:67,12
DA:68,12
DA:70,12
DA:87,11
DA:89,11
DA:91,3
DA:92,3
DA:95,11
DA:113,17
DA:120,0
DA:124,17
DA:137,17
DA:138,17
DA:139,17
DA:140,17
DA:141,17
DA:144,17
DA:154,7
DA:155,7
DA:171,36
DA:172,18
DA:184,3
DA:186,3
DA:187,7
DA:193,0
DA:198,3
DA:208,18
DA:209,18
DA:210,18
DA:212,0
DA:214,0
DA:215,0
DA:228,18
DA:229,18
DA:230,18
DA:232,5
DA:233,9
DA:236,5
DA:244,5
LF:59
LH:54
BRDA:35,0,0,3
BRDA:35,0,1,15
BRDA:43,1,0,18
BRDA:43,1,1,0
BRDA:86,2,0,4
BRDA:86,3,0,8
BRDA:89,4,0,3
BRDA:89,4,1,8
BRDA:89,5,0,11
BRDA:89,5,1,7
BRDA:111,6,0,17
BRDA:135,7,0,3
BRDA:153,8,0,3
BRDA:171,9,0,18
BRDA:171,9,1,18
BRDA:214,10,0,0
BRDA:214,10,1,0
BRF:17
BRH:14
end_of_record
TN:
SF:core/storage.js
FN:17,(anonymous_0)
FN:27,(anonymous_1)
FN:50,(anonymous_2)
FN:57,(anonymous_3)
FN:112,(anonymous_4)
FN:119,(anonymous_5)
FNF:6
FNH:6
FNDA:11,(anonymous_0)
FNDA:22,(anonymous_1)
FNDA:26,(anonymous_2)
FNDA:40,(anonymous_3)
FNDA:60,(anonymous_4)
FNDA:222,(anonymous_5)
DA:1,5
DA:18,11
DA:19,11
DA:20,11
DA:29,22
DA:30,3
DA:33,22
DA:53,26
DA:54,0
DA:57,40
DA:58,26
DA:59,1
DA:63,25
DA:64,25
DA:67,25
DA:68,11
DA:69,11
DA:70,11
DA:75,14
DA:76,14
DA:79,14
DA:80,0
DA:85,14
DA:86,14
DA:87,14
DA:91,0
DA:94,14
DA:95,14
DA:96,14
DA:115,60
DA:116,0
DA:119,222
DA:120,60
DA:121,0
DA:125,60
DA:126,60
DA:128,120
DA:129,56
DA:132,64
DA:135,4
DA:141,5
LF:41
LH:36
BRDA:29,0,0,3
BRDA:29,0,1,19
BRDA:53,1,0,0
BRDA:53,1,1,26
BRDA:53,2,0,26
BRDA:53,2,1,26
BRDA:58,3,0,1
BRDA:58,3,1,25
BRDA:67,4,0,11
BRDA:67,4,1,14
BRDA:79,5,0,0
BRDA:79,5,1,14
BRDA:79,6,0,14
BRDA:79,6,1,0
BRDA:85,7,0,14
BRDA:85,7,1,0
BRDA:91,8,0,0
BRDA:91,8,1,0
BRDA:115,9,0,0
BRDA:115,9,1,60
BRDA:115,10,0,60
BRDA:115,10,1,60
BRDA:120,11,0,0
BRDA:120,11,1,60
BRDA:128,12,0,56
BRDA:128,12,1,64
BRF:26
BRH:18
end_of_record
TN:
SF:core/testUtils.js
FN:11,getConfig
FN:23,writeConfig
FN:33,cleanupDir
FN:43,(anonymous_3)
FNF:4
FNH:4
FNDA:1,getConfig
FNDA:2,writeConfig
FNDA:6,cleanupDir
FNDA:7,(anonymous_3)
DA:1,3
DA:2,3
DA:3,3
DA:6,3
DA:13,1
DA:14,1
DA:25,2
DA:26,2
DA:35,6
DA:37,6
DA:38,0
DA:42,6
DA:43,6
DA:45,7
DA:48,7
DA:49,7
DA:54,6
DA:61,3
LF:18
LH:17
BRDA:37,0,0,0
BRDA:37,0,1,6
BRDA:48,1,0,7
BRDA:48,1,1,0
BRF:4
BRH:2
end_of_record
